22:28:52.991 [localhost-startStop-1] INFO  o.s.web.context.ContextLoader - Root WebApplicationContext: initialization started
22:28:53.049 [localhost-startStop-1] INFO  o.s.w.c.s.XmlWebApplicationContext - Refreshing Root WebApplicationContext: startup date [Sun Nov 03 22:28:53 CST 2013]; root of context hierarchy
22:28:53.090 [localhost-startStop-1] INFO  o.s.b.f.xml.XmlBeanDefinitionReader - Loading XML bean definitions from URL [file:/E:/myworkspace/advance/target/classes/applicationContext.xml]
22:28:53.356 [localhost-startStop-1] INFO  o.s.c.a.ClassPathBeanDefinitionScanner - JSR-330 'javax.inject.Named' annotation found and supported for component scanning
22:28:53.621 [localhost-startStop-1] INFO  o.s.b.f.xml.XmlBeanDefinitionReader - Loading XML bean definitions from URL [file:/E:/myworkspace/advance/target/classes/applicationContext-shiro.xml]
22:28:53.634 [localhost-startStop-1] INFO  o.s.b.f.s.DefaultListableBeanFactory - Overriding bean definition for bean 'shiroDbRealm': replacing [Generic bean: class [sylarlove.advance.realm.ShiroDbRealm]; scope=singleton; abstract=false; lazyInit=false; autowireMode=0; dependencyCheck=0; autowireCandidate=true; primary=false; factoryBeanName=null; factoryMethodName=null; initMethodName=null; destroyMethodName=null; defined in file [E:\myworkspace\advance\target\classes\sylarlove\advance\realm\ShiroDbRealm.class]] with [Generic bean: class [sylarlove.advance.realm.ShiroDbRealm]; scope=; abstract=false; lazyInit=true; autowireMode=0; dependencyCheck=0; autowireCandidate=true; primary=false; factoryBeanName=null; factoryMethodName=null; initMethodName=null; destroyMethodName=null; defined in URL [file:/E:/myworkspace/advance/target/classes/applicationContext-shiro.xml]]
22:28:53.759 [localhost-startStop-1] INFO  o.s.c.s.PropertySourcesPlaceholderConfigurer - Loading properties file from URL [file:/E:/myworkspace/advance/target/classes/jdbc.properties]
22:28:53.768 [localhost-startStop-1] INFO  o.s.b.f.a.AutowiredAnnotationBeanPostProcessor - JSR-330 'javax.inject.Inject' annotation found and supported for autowiring
22:28:53.873 [localhost-startStop-1] INFO  o.s.w.s.a.s.AnnotationActionEndpointMapping - Supporting [WS-Addressing August 2004, WS-Addressing 1.0]
22:28:53.988 [localhost-startStop-1] INFO  o.s.w.c.s.XmlWebApplicationContext - Bean 'org.springframework.transaction.annotation.AnnotationTransactionAttributeSource#0' of type [class org.springframework.transaction.annotation.AnnotationTransactionAttributeSource] is not eligible for getting processed by all BeanPostProcessors (for example: not eligible for auto-proxying)
22:28:53.990 [localhost-startStop-1] INFO  o.s.w.c.s.XmlWebApplicationContext - Bean 'org.springframework.transaction.config.internalTransactionAdvisor' of type [class org.springframework.transaction.interceptor.BeanFactoryTransactionAttributeSourceAdvisor] is not eligible for getting processed by all BeanPostProcessors (for example: not eligible for auto-proxying)
22:28:54.024 [localhost-startStop-1] INFO  o.s.w.c.s.XmlWebApplicationContext - Bean '(inner bean)' of type [class org.springframework.beans.factory.config.PropertiesFactoryBean] is not eligible for getting processed by all BeanPostProcessors (for example: not eligible for auto-proxying)
22:28:54.025 [localhost-startStop-1] INFO  o.s.w.c.s.XmlWebApplicationContext - Bean '(inner bean)' of type [class java.util.Properties] is not eligible for getting processed by all BeanPostProcessors (for example: not eligible for auto-proxying)
22:28:54.041 [localhost-startStop-1] INFO  o.s.w.c.s.XmlWebApplicationContext - Bean '(inner bean)' of type [class org.springframework.data.repository.core.support.PropertiesBasedNamedQueries] is not eligible for getting processed by all BeanPostProcessors (for example: not eligible for auto-proxying)
22:28:54.075 [localhost-startStop-1] INFO  com.mchange.v2.log.MLog - MLog clients using log4j logging.
22:28:54.114 [localhost-startStop-1] INFO  com.mchange.v2.c3p0.C3P0Registry - Initializing c3p0-0.9.2.1 [built 20-March-2013 10:47:27 +0000; debug? true; trace: 10]
22:28:54.184 [localhost-startStop-1] INFO  o.s.w.c.s.XmlWebApplicationContext - Bean 'dataSource' of type [class com.mchange.v2.c3p0.ComboPooledDataSource] is not eligible for getting processed by all BeanPostProcessors (for example: not eligible for auto-proxying)
22:28:54.199 [localhost-startStop-1] INFO  o.s.w.c.s.XmlWebApplicationContext - Bean 'hibernateJpaVendorAdapter' of type [class org.springframework.orm.jpa.vendor.HibernateJpaVendorAdapter] is not eligible for getting processed by all BeanPostProcessors (for example: not eligible for auto-proxying)
22:28:54.217 [localhost-startStop-1] INFO  o.s.o.j.LocalContainerEntityManagerFactoryBean - Building JPA container EntityManagerFactory for persistence unit 'default'
22:28:54.359 [localhost-startStop-1] INFO  o.h.annotations.common.Version - HCANN000001: Hibernate Commons Annotations {4.0.2.Final}
22:28:54.367 [localhost-startStop-1] INFO  org.hibernate.Version - HHH000412: Hibernate Core {4.2.6.Final}
22:28:54.374 [localhost-startStop-1] INFO  org.hibernate.cfg.Environment - HHH000206: hibernate.properties not found
22:28:54.377 [localhost-startStop-1] INFO  org.hibernate.cfg.Environment - HHH000021: Bytecode provider name : javassist
22:28:54.405 [localhost-startStop-1] INFO  org.hibernate.ejb.Ejb3Configuration - HHH000204: Processing PersistenceUnitInfo [
	name: default
	...]
22:28:54.525 [localhost-startStop-1] INFO  o.h.s.j.c.i.ConnectionProviderInitiator - HHH000130: Instantiating explicit connection provider: org.hibernate.ejb.connection.InjectedDataSourceConnectionProvider
22:28:54.585 [localhost-startStop-1] INFO  c.m.v.c.i.AbstractPoolBackedDataSource - Initializing c3p0 pool... com.mchange.v2.c3p0.ComboPooledDataSource [ acquireIncrement -> 3, acquireRetryAttempts -> 30, acquireRetryDelay -> 1000, autoCommitOnClose -> false, automaticTestTable -> null, breakAfterAcquireFailure -> false, checkoutTimeout -> 0, connectionCustomizerClassName -> null, connectionTesterClassName -> com.mchange.v2.c3p0.impl.DefaultConnectionTester, dataSourceName -> 1hge15y8y8fbljv1pgzee8|940b36, debugUnreturnedConnectionStackTraces -> false, description -> null, driverClass -> com.mysql.jdbc.Driver, factoryClassLocation -> null, forceIgnoreUnresolvedTransactions -> false, identityToken -> 1hge15y8y8fbljv1pgzee8|940b36, idleConnectionTestPeriod -> 0, initialPoolSize -> 3, jdbcUrl -> jdbc:mysql://localhost:3306/advance?characterEncoding=UTF-8, maxAdministrativeTaskTime -> 0, maxConnectionAge -> 0, maxIdleTime -> 0, maxIdleTimeExcessConnections -> 0, maxPoolSize -> 10, maxStatements -> 0, maxStatementsPerConnection -> 0, minPoolSize -> 1, numHelperThreads -> 3, preferredTestQuery -> null, properties -> {user=******, password=******}, propertyCycle -> 0, statementCacheNumDeferredCloseThreads -> 0, testConnectionOnCheckin -> false, testConnectionOnCheckout -> false, unreturnedConnectionTimeout -> 0, userOverrides -> {}, usesTraditionalReflectiveProxies -> false ]
22:28:54.893 [localhost-startStop-1] INFO  org.hibernate.dialect.Dialect - HHH000400: Using dialect: org.hibernate.dialect.MySQL5InnoDBDialect
22:28:54.905 [localhost-startStop-1] INFO  o.h.e.j.internal.LobCreatorBuilder - HHH000423: Disabling contextual LOB creation as JDBC driver reported JDBC version [3] less than 4
22:28:55.093 [localhost-startStop-1] INFO  o.h.e.t.i.TransactionFactoryInitiator - HHH000268: Transaction strategy: org.hibernate.engine.transaction.internal.jdbc.JdbcTransactionFactory
22:28:55.098 [localhost-startStop-1] INFO  o.h.h.i.a.ASTQueryTranslatorFactory - HHH000397: Using ASTQueryTranslatorFactory
22:28:55.210 [localhost-startStop-1] INFO  o.h.cache.spi.UpdateTimestampsCache - HHH000250: Starting update timestamps cache at region: org.hibernate.cache.spi.UpdateTimestampsCache
22:28:55.214 [localhost-startStop-1] WARN  o.h.c.e.AbstractEhcacheRegionFactory - HHH020003: Could not find a specific ehcache configuration for cache named [org.hibernate.cache.spi.UpdateTimestampsCache]; using defaults.
22:28:55.259 [localhost-startStop-1] INFO  o.h.c.internal.StandardQueryCache - HHH000248: Starting query cache at region: org.hibernate.cache.internal.StandardQueryCache
22:28:55.260 [localhost-startStop-1] WARN  o.h.c.e.AbstractEhcacheRegionFactory - HHH020003: Could not find a specific ehcache configuration for cache named [org.hibernate.cache.internal.StandardQueryCache]; using defaults.
22:28:55.299 [localhost-startStop-1] INFO  org.hibernate.validator.util.Version - Hibernate Validator 4.1.0.Final
22:28:55.308 [localhost-startStop-1] INFO  o.h.v.e.r.DefaultTraversableResolver - Instantiated an instance of org.hibernate.validator.engine.resolver.JPATraversableResolver.
22:28:55.332 [localhost-startStop-1] INFO  o.h.v.e.r.DefaultTraversableResolver - Instantiated an instance of org.hibernate.validator.engine.resolver.JPATraversableResolver.
22:28:55.625 [localhost-startStop-1] WARN  o.h.c.e.AbstractEhcacheRegionFactory - HHH020003: Could not find a specific ehcache configuration for cache named [sylarlove.advance.model.main]; using defaults.
22:28:55.804 [localhost-startStop-1] INFO  o.h.tool.hbm2ddl.SchemaUpdate - HHH000228: Running hbm2ddl schema update
22:28:55.804 [localhost-startStop-1] INFO  o.h.tool.hbm2ddl.SchemaUpdate - HHH000102: Fetching database metadata
22:28:55.808 [localhost-startStop-1] INFO  o.h.tool.hbm2ddl.SchemaUpdate - HHH000396: Updating schema
22:28:55.831 [localhost-startStop-1] INFO  o.h.tool.hbm2ddl.TableMetadata - HHH000261: Table found: advance.sa_t_organiation
22:28:55.832 [localhost-startStop-1] INFO  o.h.tool.hbm2ddl.TableMetadata - HHH000037: Columns: [id, index, name, parent_id]
22:28:55.832 [localhost-startStop-1] INFO  o.h.tool.hbm2ddl.TableMetadata - HHH000108: Foreign keys: [fk_fs203h722xcedfxkaq1hwv38n]
22:28:55.832 [localhost-startStop-1] INFO  o.h.tool.hbm2ddl.TableMetadata - HHH000126: Indexes: [primary, fk_fs203h722xcedfxkaq1hwv38n]
22:28:55.841 [localhost-startStop-1] INFO  o.h.tool.hbm2ddl.TableMetadata - HHH000261: Table found: advance.sa_t_permission
22:28:55.841 [localhost-startStop-1] INFO  o.h.tool.hbm2ddl.TableMetadata - HHH000037: Columns: [id, sn, name]
22:28:55.841 [localhost-startStop-1] INFO  o.h.tool.hbm2ddl.TableMetadata - HHH000108: Foreign keys: []
22:28:55.841 [localhost-startStop-1] INFO  o.h.tool.hbm2ddl.TableMetadata - HHH000126: Indexes: [primary]
22:28:55.850 [localhost-startStop-1] INFO  o.h.tool.hbm2ddl.TableMetadata - HHH000261: Table found: advance.sa_t_role
22:28:55.850 [localhost-startStop-1] INFO  o.h.tool.hbm2ddl.TableMetadata - HHH000037: Columns: [id, sn, name]
22:28:55.850 [localhost-startStop-1] INFO  o.h.tool.hbm2ddl.TableMetadata - HHH000108: Foreign keys: []
22:28:55.850 [localhost-startStop-1] INFO  o.h.tool.hbm2ddl.TableMetadata - HHH000126: Indexes: [primary]
22:28:55.856 [localhost-startStop-1] INFO  o.h.tool.hbm2ddl.TableMetadata - HHH000261: Table found: advance.sa_t_role_sa_t_permission
22:28:55.857 [localhost-startStop-1] INFO  o.h.tool.hbm2ddl.TableMetadata - HHH000037: Columns: [sa_t_role_id, permissions_id]
22:28:55.857 [localhost-startStop-1] INFO  o.h.tool.hbm2ddl.TableMetadata - HHH000108: Foreign keys: [fk_p4gfp08s3phx9uh31t5emggex, fk_e8ss406inge70m3q01q0kvjlv]
22:28:55.857 [localhost-startStop-1] INFO  o.h.tool.hbm2ddl.TableMetadata - HHH000126: Indexes: [fk_p4gfp08s3phx9uh31t5emggex, fk_e8ss406inge70m3q01q0kvjlv]
22:28:55.866 [localhost-startStop-1] INFO  o.h.tool.hbm2ddl.TableMetadata - HHH000261: Table found: advance.sa_t_user
22:28:55.866 [localhost-startStop-1] INFO  o.h.tool.hbm2ddl.TableMetadata - HHH000037: Columns: [id, username, phone, status, email, organization_id, create_time, realname, password]
22:28:55.866 [localhost-startStop-1] INFO  o.h.tool.hbm2ddl.TableMetadata - HHH000108: Foreign keys: [fk_sy1r7u3vmw0vk9vc5luc3p0ks]
22:28:55.866 [localhost-startStop-1] INFO  o.h.tool.hbm2ddl.TableMetadata - HHH000126: Indexes: [primary, fk_sy1r7u3vmw0vk9vc5luc3p0ks, uk_j0juytie7lblr8wdok1pkbap1]
22:28:55.872 [localhost-startStop-1] INFO  o.h.tool.hbm2ddl.TableMetadata - HHH000261: Table found: advance.sa_t_user_sa_t_role
22:28:55.872 [localhost-startStop-1] INFO  o.h.tool.hbm2ddl.TableMetadata - HHH000037: Columns: [sa_t_user_id, roles_id]
22:28:55.872 [localhost-startStop-1] INFO  o.h.tool.hbm2ddl.TableMetadata - HHH000108: Foreign keys: [fk_d25962c8fwqmwea09r5cvs486, fk_li4mqqv6o717jed0hxq1c8lsh]
22:28:55.872 [localhost-startStop-1] INFO  o.h.tool.hbm2ddl.TableMetadata - HHH000126: Indexes: [fk_d25962c8fwqmwea09r5cvs486, fk_li4mqqv6o717jed0hxq1c8lsh]
22:28:55.880 [localhost-startStop-1] INFO  o.h.tool.hbm2ddl.TableMetadata - HHH000261: Table found: advance.t_car_type
22:28:55.880 [localhost-startStop-1] INFO  o.h.tool.hbm2ddl.TableMetadata - HHH000037: Columns: [id, name]
22:28:55.880 [localhost-startStop-1] INFO  o.h.tool.hbm2ddl.TableMetadata - HHH000108: Foreign keys: []
22:28:55.880 [localhost-startStop-1] INFO  o.h.tool.hbm2ddl.TableMetadata - HHH000126: Indexes: [primary, uk_dltbu6u5nix3wep1wpofwktwe]
22:28:55.886 [localhost-startStop-1] INFO  o.h.tool.hbm2ddl.TableMetadata - HHH000261: Table found: advance.t_card
22:28:55.886 [localhost-startStop-1] INFO  o.h.tool.hbm2ddl.TableMetadata - HHH000037: Columns: [cardtype, id, number]
22:28:55.886 [localhost-startStop-1] INFO  o.h.tool.hbm2ddl.TableMetadata - HHH000108: Foreign keys: []
22:28:55.886 [localhost-startStop-1] INFO  o.h.tool.hbm2ddl.TableMetadata - HHH000126: Indexes: [primary]
22:28:55.893 [localhost-startStop-1] INFO  o.h.tool.hbm2ddl.TableMetadata - HHH000261: Table found: advance.t_controller
22:28:55.893 [localhost-startStop-1] INFO  o.h.tool.hbm2ddl.TableMetadata - HHH000037: Columns: [id, sn, door_id, ip]
22:28:55.893 [localhost-startStop-1] INFO  o.h.tool.hbm2ddl.TableMetadata - HHH000108: Foreign keys: [fk_1irrnet40nfb8v9ab0eenou6c]
22:28:55.893 [localhost-startStop-1] INFO  o.h.tool.hbm2ddl.TableMetadata - HHH000126: Indexes: [uk_opfyxopyoptth2rd0qagwf4qg, fk_1irrnet40nfb8v9ab0eenou6c, primary]
22:28:55.901 [localhost-startStop-1] INFO  o.h.tool.hbm2ddl.TableMetadata - HHH000261: Table found: advance.t_dispatch_car_form
22:28:55.901 [localhost-startStop-1] INFO  o.h.tool.hbm2ddl.TableMetadata - HHH000037: Columns: [car_id, reason, line, id, carmanager, approve_time, end_time, approveperson, create_time, target, start_time, driver, user, agree]
22:28:55.901 [localhost-startStop-1] INFO  o.h.tool.hbm2ddl.TableMetadata - HHH000108: Foreign keys: []
22:28:55.901 [localhost-startStop-1] INFO  o.h.tool.hbm2ddl.TableMetadata - HHH000126: Indexes: [primary]
22:28:55.908 [localhost-startStop-1] INFO  o.h.tool.hbm2ddl.TableMetadata - HHH000261: Table found: advance.t_door
22:28:55.908 [localhost-startStop-1] INFO  o.h.tool.hbm2ddl.TableMetadata - HHH000037: Columns: [id, organization_id, name]
22:28:55.908 [localhost-startStop-1] INFO  o.h.tool.hbm2ddl.TableMetadata - HHH000108: Foreign keys: [fk_p03g3115ldia6hbt1s1ve9dn]
22:28:55.909 [localhost-startStop-1] INFO  o.h.tool.hbm2ddl.TableMetadata - HHH000126: Indexes: [primary, fk_p03g3115ldia6hbt1s1ve9dn]
22:28:55.918 [localhost-startStop-1] INFO  o.h.tool.hbm2ddl.TableMetadata - HHH000261: Table found: advance.t_inner_car
22:28:55.918 [localhost-startStop-1] INFO  o.h.tool.hbm2ddl.TableMetadata - HHH000037: Columns: [id, level, car_id, status, organization_id, create_time, user_id, car_type_id, license]
22:28:55.918 [localhost-startStop-1] INFO  o.h.tool.hbm2ddl.TableMetadata - HHH000108: Foreign keys: [fk_pytwejsmdx5albd6ie21dm9jm, fk_ktrss9ywxhbs6h0v9y7vqwx2h, fk_6ukb7qmicayhc07uo0q56lyw4, fk_7x2t8uhtbj0ae6atxqgjyjkng]
22:28:55.918 [localhost-startStop-1] INFO  o.h.tool.hbm2ddl.TableMetadata - HHH000126: Indexes: [fk_pytwejsmdx5albd6ie21dm9jm, fk_6ukb7qmicayhc07uo0q56lyw4, fk_ktrss9ywxhbs6h0v9y7vqwx2h, primary, fk_7x2t8uhtbj0ae6atxqgjyjkng, uk_r4sdxtyvfsonf9g1owhsjho0q]
22:28:55.926 [localhost-startStop-1] INFO  o.h.tool.hbm2ddl.TableMetadata - HHH000261: Table found: advance.t_inner_car_record
22:28:55.926 [localhost-startStop-1] INFO  o.h.tool.hbm2ddl.TableMetadata - HHH000037: Columns: [id, status, car_id, form_id, door_id, type, date]
22:28:55.927 [localhost-startStop-1] INFO  o.h.tool.hbm2ddl.TableMetadata - HHH000108: Foreign keys: [fk_h8n0j2t00bl9aogu9s0o9vofj, fk_73p60c5y1aq7bhuqy8x45dfjy]
22:28:55.927 [localhost-startStop-1] INFO  o.h.tool.hbm2ddl.TableMetadata - HHH000126: Indexes: [fk_h8n0j2t00bl9aogu9s0o9vofj, fk_73p60c5y1aq7bhuqy8x45dfjy, primary]
22:28:55.935 [localhost-startStop-1] INFO  o.h.tool.hbm2ddl.TableMetadata - HHH000261: Table found: advance.t_inner_person
22:28:55.935 [localhost-startStop-1] INFO  o.h.tool.hbm2ddl.TableMetadata - HHH000037: Columns: [id, certificate, sex, status, organization_id, name, create_time, card_id]
22:28:55.935 [localhost-startStop-1] INFO  o.h.tool.hbm2ddl.TableMetadata - HHH000108: Foreign keys: [fk_ksrogfeueidd2ka96nhugnmw3, fk_7ia9p7s8q6y96nm6mf1t7bd7v]
22:28:55.935 [localhost-startStop-1] INFO  o.h.tool.hbm2ddl.TableMetadata - HHH000126: Indexes: [uk_sbxlbxcw14u1q4j7gp3uwg2eo, fk_7ia9p7s8q6y96nm6mf1t7bd7v, fk_ksrogfeueidd2ka96nhugnmw3, primary]
22:28:55.942 [localhost-startStop-1] INFO  o.h.tool.hbm2ddl.TableMetadata - HHH000261: Table found: advance.t_inner_person_record
22:28:55.942 [localhost-startStop-1] INFO  o.h.tool.hbm2ddl.TableMetadata - HHH000037: Columns: [id, person_id, status, leave_id, door_id, type, date]
22:28:55.942 [localhost-startStop-1] INFO  o.h.tool.hbm2ddl.TableMetadata - HHH000108: Foreign keys: [fk_r0e079u7lsicwjpgknujloiv9, fk_11q8b7yi54hpn5wyvy61b4i2n]
22:28:55.942 [localhost-startStop-1] INFO  o.h.tool.hbm2ddl.TableMetadata - HHH000126: Indexes: [fk_r0e079u7lsicwjpgknujloiv9, primary, fk_11q8b7yi54hpn5wyvy61b4i2n]
22:28:55.950 [localhost-startStop-1] INFO  o.h.tool.hbm2ddl.TableMetadata - HHH000261: Table found: advance.t_leave
22:28:55.951 [localhost-startStop-1] INFO  o.h.tool.hbm2ddl.TableMetadata - HHH000037: Columns: [id, person_id, remark, reason, end_time, approve_time, approveperson, create_time, start_time, agree]
22:28:55.951 [localhost-startStop-1] INFO  o.h.tool.hbm2ddl.TableMetadata - HHH000108: Foreign keys: [fk_4lqjos9mr7yopxnuhvqiamkf9]
22:28:55.951 [localhost-startStop-1] INFO  o.h.tool.hbm2ddl.TableMetadata - HHH000126: Indexes: [primary, fk_4lqjos9mr7yopxnuhvqiamkf9]
22:28:55.959 [localhost-startStop-1] INFO  o.h.tool.hbm2ddl.TableMetadata - HHH000261: Table found: advance.t_outer_car
22:28:55.959 [localhost-startStop-1] INFO  o.h.tool.hbm2ddl.TableMetadata - HHH000037: Columns: [id, car_id, status, create_time, license]
22:28:55.959 [localhost-startStop-1] INFO  o.h.tool.hbm2ddl.TableMetadata - HHH000108: Foreign keys: [fk_kwelwsfr6gd7b6vmwbw0x1ov2]
22:28:55.960 [localhost-startStop-1] INFO  o.h.tool.hbm2ddl.TableMetadata - HHH000126: Indexes: [uk_9dmq5oxvipoiof5d646xvy1b2, primary, fk_kwelwsfr6gd7b6vmwbw0x1ov2]
22:28:55.967 [localhost-startStop-1] INFO  o.h.tool.hbm2ddl.TableMetadata - HHH000261: Table found: advance.t_outer_person
22:28:55.968 [localhost-startStop-1] INFO  o.h.tool.hbm2ddl.TableMetadata - HHH000037: Columns: [id, sex, rfid, status, name, create_time, card_id]
22:28:55.968 [localhost-startStop-1] INFO  o.h.tool.hbm2ddl.TableMetadata - HHH000108: Foreign keys: [fk_pugojeiwngr3g5ga5sjlj6kd7]
22:28:55.968 [localhost-startStop-1] INFO  o.h.tool.hbm2ddl.TableMetadata - HHH000126: Indexes: [fk_pugojeiwngr3g5ga5sjlj6kd7, uk_b04s2pvej5dfgr2i5b9yyaed4, primary]
22:28:55.975 [localhost-startStop-1] INFO  o.h.tool.hbm2ddl.TableMetadata - HHH000261: Table found: advance.t_reader
22:28:55.975 [localhost-startStop-1] INFO  o.h.tool.hbm2ddl.TableMetadata - HHH000037: Columns: [id, gate_number, number, type, controle_id]
22:28:55.975 [localhost-startStop-1] INFO  o.h.tool.hbm2ddl.TableMetadata - HHH000108: Foreign keys: [fk_bxq69cf23sfqqsrjlidwwuist]
22:28:55.975 [localhost-startStop-1] INFO  o.h.tool.hbm2ddl.TableMetadata - HHH000126: Indexes: [fk_bxq69cf23sfqqsrjlidwwuist, primary]
22:28:55.981 [localhost-startStop-1] INFO  o.h.tool.hbm2ddl.TableMetadata - HHH000261: Table found: advance.hibernate_sequences
22:28:55.981 [localhost-startStop-1] INFO  o.h.tool.hbm2ddl.TableMetadata - HHH000037: Columns: [sequence_next_hi_value, sequence_name]
22:28:55.981 [localhost-startStop-1] INFO  o.h.tool.hbm2ddl.TableMetadata - HHH000108: Foreign keys: []
22:28:55.982 [localhost-startStop-1] INFO  o.h.tool.hbm2ddl.TableMetadata - HHH000126: Indexes: []
22:28:55.982 [localhost-startStop-1] INFO  o.h.tool.hbm2ddl.SchemaUpdate - HHH000232: Schema update complete
22:28:56.064 [localhost-startStop-1] INFO  o.s.w.c.s.XmlWebApplicationContext - Bean 'entityManagerFactory' of type [class org.springframework.orm.jpa.LocalContainerEntityManagerFactoryBean] is not eligible for getting processed by all BeanPostProcessors (for example: not eligible for auto-proxying)
22:28:56.065 [localhost-startStop-1] INFO  o.s.w.c.s.XmlWebApplicationContext - Bean 'entityManagerFactory' of type [class com.sun.proxy.$Proxy54] is not eligible for getting processed by all BeanPostProcessors (for example: not eligible for auto-proxying)
22:28:56.081 [localhost-startStop-1] INFO  o.s.w.c.s.XmlWebApplicationContext - Bean '(inner bean)#1' of type [class com.sun.proxy.$Proxy56] is not eligible for getting processed by all BeanPostProcessors (for example: not eligible for auto-proxying)
22:28:56.166 [localhost-startStop-1] INFO  o.s.w.c.s.XmlWebApplicationContext - Bean 'userDao' of type [class org.springframework.data.jpa.repository.support.JpaRepositoryFactoryBean] is not eligible for getting processed by all BeanPostProcessors (for example: not eligible for auto-proxying)
22:28:56.246 [localhost-startStop-1] INFO  o.s.w.c.s.XmlWebApplicationContext - Bean 'userDao' of type [class com.sun.proxy.$Proxy57] is not eligible for getting processed by all BeanPostProcessors (for example: not eligible for auto-proxying)
22:28:56.253 [localhost-startStop-1] INFO  o.s.w.c.s.XmlWebApplicationContext - Bean 'userService' of type [class sylarlove.advance.service.UserService] is not eligible for getting processed by all BeanPostProcessors (for example: not eligible for auto-proxying)
22:28:56.262 [localhost-startStop-1] INFO  o.a.shiro.realm.AuthorizingRealm - No cache or cacheManager properties have been set.  Authorization cache cannot be obtained.
22:28:56.262 [localhost-startStop-1] INFO  o.s.w.c.s.XmlWebApplicationContext - Bean 'shiroDbRealm' of type [class sylarlove.advance.realm.ShiroDbRealm] is not eligible for getting processed by all BeanPostProcessors (for example: not eligible for auto-proxying)
22:28:56.280 [localhost-startStop-1] INFO  o.s.w.c.s.XmlWebApplicationContext - Bean 'shiroEhcacheManager' of type [class org.apache.shiro.cache.ehcache.EhCacheManager] is not eligible for getting processed by all BeanPostProcessors (for example: not eligible for auto-proxying)
22:28:56.281 [localhost-startStop-1] INFO  o.a.s.cache.ehcache.EhCacheManager - Cache with name 'shiroDbRealm.authorizationCache' does not yet exist.  Creating now.
22:28:56.289 [localhost-startStop-1] INFO  o.a.s.cache.ehcache.EhCacheManager - Added EhCache named [shiroDbRealm.authorizationCache]
22:28:56.291 [localhost-startStop-1] INFO  o.s.w.c.s.XmlWebApplicationContext - Bean 'securityManager' of type [class org.apache.shiro.web.mgt.DefaultWebSecurityManager] is not eligible for getting processed by all BeanPostProcessors (for example: not eligible for auto-proxying)
22:28:56.312 [localhost-startStop-1] INFO  o.s.b.f.s.DefaultListableBeanFactory - Pre-instantiating singletons in org.springframework.beans.factory.support.DefaultListableBeanFactory@129b25c: defining beans [org.springframework.ws.server.endpoint.mapping.PayloadRootAnnotationMethodEndpointMapping#0,org.springframework.ws.soap.server.endpoint.mapping.SoapActionAnnotationMethodEndpointMapping#0,org.springframework.ws.soap.addressing.server.AnnotationActionEndpointMapping#0,org.springframework.ws.server.endpoint.adapter.method.dom.DomPayloadMethodProcessor#0,org.springframework.ws.server.endpoint.adapter.method.SourcePayloadMethodProcessor#0,org.springframework.ws.server.endpoint.adapter.method.dom.Dom4jPayloadMethodProcessor#0,org.springframework.ws.server.endpoint.adapter.method.jaxb.XmlRootElementPayloadMethodProcessor#0,org.springframework.ws.server.endpoint.adapter.method.jaxb.JaxbElementPayloadMethodProcessor#0,org.springframework.ws.server.endpoint.adapter.method.dom.XomPayloadMethodProcessor#0,org.springframework.ws.server.endpoint.adapter.DefaultMethodEndpointAdapter#0,org.springframework.ws.soap.server.endpoint.SoapFaultAnnotationExceptionResolver#0,org.springframework.ws.soap.server.endpoint.SimpleSoapExceptionResolver#0,marshaller,org.springframework.xml.xsd.SimpleXsdSchema#0,recordService,smsService,shiroDbRealm,organizationService,userService,carTypeService,controllerService,doorService,innerCarService,innerPersonService,myRecordService,recordServiceEndpoint,org.springframework.context.annotation.internalConfigurationAnnotationProcessor,org.springframework.context.annotation.internalAutowiredAnnotationProcessor,org.springframework.context.annotation.internalRequiredAnnotationProcessor,org.springframework.context.annotation.internalCommonAnnotationProcessor,org.springframework.context.annotation.internalPersistenceAnnotationProcessor,org.springframework.context.support.PropertySourcesPlaceholderConfigurer#0,dataSource,entityManagerFactory,hibernateJpaVendorAdapter,transactionManager,org.springframework.aop.config.internalAutoProxyCreator,org.springframework.transaction.annotation.AnnotationTransactionAttributeSource#0,org.springframework.transaction.interceptor.TransactionInterceptor#0,org.springframework.transaction.config.internalTransactionAdvisor,organizationDao,carTypeDao,innerCarRecordDao,innerPersonDao,userDao,controllerDao,dispatchCarFormDao,cardDao,innerCarDao,innerPersonRecordDao,doorDao,readerDao,org.springframework.data.repository.core.support.RepositoryInterfaceAwareBeanPostProcessor#0,securityManager,shiroFilter,shiroEhcacheManager,lifecycleBeanPostProcessor,org.springframework.context.annotation.ConfigurationClassPostProcessor.importAwareProcessor]; root of factory hierarchy
22:28:56.494 [localhost-startStop-1] INFO  o.s.oxm.jaxb.Jaxb2Marshaller - Creating JAXBContext with classes to be bound [class cn.huijin.vms.webservice.RecordResult]
22:28:57.009 [localhost-startStop-1] INFO  o.s.web.context.ContextLoader - Root WebApplicationContext: initialization completed in 4015 ms
22:28:57.062 [localhost-startStop-1] INFO  o.s.w.t.h.MessageDispatcherServlet - FrameworkServlet 'spring-ws': initialization started
22:28:57.066 [localhost-startStop-1] INFO  o.s.w.c.s.XmlWebApplicationContext - Refreshing WebApplicationContext for namespace 'spring-ws-servlet': startup date [Sun Nov 03 22:28:57 CST 2013]; parent: Root WebApplicationContext
22:28:57.067 [localhost-startStop-1] INFO  o.s.b.f.xml.XmlBeanDefinitionReader - Loading XML bean definitions from ServletContext resource [/WEB-INF/spring-ws-servlet.xml]
22:28:57.086 [localhost-startStop-1] INFO  o.s.b.f.s.DefaultListableBeanFactory - Pre-instantiating singletons in org.springframework.beans.factory.support.DefaultListableBeanFactory@eb9cf2: defining beans []; parent: org.springframework.beans.factory.support.DefaultListableBeanFactory@129b25c
22:28:57.104 [localhost-startStop-1] INFO  o.s.w.s.saaj.SaajSoapMessageFactory - Creating SAAJ 1.3 MessageFactory with SOAP 1.1 Protocol
22:28:57.112 [localhost-startStop-1] INFO  o.s.w.t.h.MessageDispatcherServlet - FrameworkServlet 'spring-ws': initialization completed in 50 ms
22:28:57.130 [localhost-startStop-1] INFO  o.s.web.servlet.DispatcherServlet - FrameworkServlet 'springDispatcherServlet': initialization started
22:28:57.131 [localhost-startStop-1] INFO  o.s.w.c.s.XmlWebApplicationContext - Refreshing WebApplicationContext for namespace 'springDispatcherServlet-servlet': startup date [Sun Nov 03 22:28:57 CST 2013]; parent: Root WebApplicationContext
22:28:57.132 [localhost-startStop-1] INFO  o.s.b.f.xml.XmlBeanDefinitionReader - Loading XML bean definitions from ServletContext resource [/WEB-INF/spring-mvc.xml]
22:28:57.287 [localhost-startStop-1] INFO  o.s.b.f.a.AutowiredAnnotationBeanPostProcessor - JSR-330 'javax.inject.Inject' annotation found and supported for autowiring
22:28:57.303 [localhost-startStop-1] INFO  o.s.b.f.s.DefaultListableBeanFactory - Pre-instantiating singletons in org.springframework.beans.factory.support.DefaultListableBeanFactory@d91f8b: defining beans [indexController,organizationController,userController,carTypeController,doorController,innerCarController,innerPersonController,recordController,org.springframework.context.annotation.internalConfigurationAnnotationProcessor,org.springframework.context.annotation.internalAutowiredAnnotationProcessor,org.springframework.context.annotation.internalRequiredAnnotationProcessor,org.springframework.context.annotation.internalCommonAnnotationProcessor,org.springframework.context.annotation.internalPersistenceAnnotationProcessor,mvcContentNegotiationManager,org.springframework.web.servlet.mvc.method.annotation.RequestMappingHandlerMapping#0,org.springframework.format.support.FormattingConversionServiceFactoryBean#0,org.springframework.validation.beanvalidation.LocalValidatorFactoryBean#0,org.springframework.web.servlet.mvc.method.annotation.RequestMappingHandlerAdapter#0,org.springframework.web.servlet.handler.MappedInterceptor#0,org.springframework.web.servlet.mvc.method.annotation.ExceptionHandlerExceptionResolver#0,org.springframework.web.servlet.mvc.annotation.ResponseStatusExceptionResolver#0,org.springframework.web.servlet.mvc.support.DefaultHandlerExceptionResolver#0,org.springframework.web.servlet.handler.BeanNameUrlHandlerMapping,org.springframework.web.servlet.mvc.HttpRequestHandlerAdapter,org.springframework.web.servlet.mvc.SimpleControllerHandlerAdapter,org.springframework.web.servlet.resource.DefaultServletHttpRequestHandler#0,org.springframework.web.servlet.handler.SimpleUrlHandlerMapping#0,validator,messageSource,multipartResolver,org.springframework.web.servlet.view.InternalResourceViewResolver#0,exceptionResolver,org.springframework.context.annotation.ConfigurationClassPostProcessor.importAwareProcessor]; parent: org.springframework.beans.factory.support.DefaultListableBeanFactory@129b25c
22:28:57.440 [localhost-startStop-1] INFO  o.s.w.s.m.m.a.RequestMappingHandlerMapping - Mapped "{[/login],methods=[POST],params=[],headers=[],consumes=[],produces=[],custom=[]}" onto public java.lang.String sylarlove.advance.controller.IndexController.login(sylarlove.advance.controller.LoginCommand,org.springframework.validation.Errors)
22:28:57.440 [localhost-startStop-1] INFO  o.s.w.s.m.m.a.RequestMappingHandlerMapping - Mapped "{[/login],methods=[GET],params=[],headers=[],consumes=[],produces=[],custom=[]}" onto public java.lang.String sylarlove.advance.controller.IndexController.login(sylarlove.advance.controller.LoginCommand)
22:28:57.440 [localhost-startStop-1] INFO  o.s.w.s.m.m.a.RequestMappingHandlerMapping - Mapped "{[/index || /],methods=[],params=[],headers=[],consumes=[],produces=[],custom=[]}" onto public java.lang.String sylarlove.advance.controller.IndexController.index()
22:28:57.442 [localhost-startStop-1] INFO  o.s.w.s.m.m.a.RequestMappingHandlerMapping - Mapped "{[/organization/getOrganization],methods=[],params=[],headers=[],consumes=[],produces=[],custom=[]}" onto public java.lang.String sylarlove.advance.controller.OrganizationController.getOrganization(java.lang.Long,org.springframework.ui.Model)
22:28:57.442 [localhost-startStop-1] INFO  o.s.w.s.m.m.a.RequestMappingHandlerMapping - Mapped "{[/organization/add],methods=[POST],params=[],headers=[],consumes=[],produces=[],custom=[]}" onto public java.util.Map<java.lang.String, java.lang.Object> sylarlove.advance.controller.OrganizationController.add(sylarlove.advance.model.main.Organization,org.springframework.validation.Errors)
22:28:57.443 [localhost-startStop-1] INFO  o.s.w.s.m.m.a.RequestMappingHandlerMapping - Mapped "{[/organization/delete],methods=[POST],params=[],headers=[],consumes=[],produces=[],custom=[]}" onto public java.util.Map<java.lang.String, java.lang.Object> sylarlove.advance.controller.OrganizationController.delete(java.lang.Long)
22:28:57.443 [localhost-startStop-1] INFO  o.s.w.s.m.m.a.RequestMappingHandlerMapping - Mapped "{[/organization/update],methods=[POST],params=[],headers=[],consumes=[],produces=[],custom=[]}" onto public java.util.Map<java.lang.String, java.lang.Object> sylarlove.advance.controller.OrganizationController.update(sylarlove.advance.model.main.Organization,org.springframework.validation.Errors)
22:28:57.444 [localhost-startStop-1] INFO  o.s.w.s.m.m.a.RequestMappingHandlerMapping - Mapped "{[/organization/getRoot],methods=[],params=[],headers=[],consumes=[],produces=[],custom=[]}" onto public sylarlove.advance.model.main.Organization sylarlove.advance.controller.OrganizationController.getRoot()
22:28:57.445 [localhost-startStop-1] INFO  o.s.w.s.m.m.a.RequestMappingHandlerMapping - Mapped "{[/user/add],methods=[POST],params=[],headers=[],consumes=[],produces=[],custom=[]}" onto public java.util.Map<java.lang.String, java.lang.Object> sylarlove.advance.controller.UserController.add(sylarlove.advance.model.main.User,org.springframework.validation.Errors)
22:28:57.446 [localhost-startStop-1] INFO  o.s.w.s.m.m.a.RequestMappingHandlerMapping - Mapped "{[/user/users || /user/ || /user],methods=[GET],params=[],headers=[],consumes=[],produces=[],custom=[]}" onto public java.lang.String sylarlove.advance.controller.UserController.list(org.springframework.ui.Model)
22:28:57.446 [localhost-startStop-1] INFO  o.s.w.s.m.m.a.RequestMappingHandlerMapping - Mapped "{[/user/delete],methods=[POST],params=[],headers=[],consumes=[],produces=[],custom=[]}" onto public java.util.Map<java.lang.String, java.lang.Object> sylarlove.advance.controller.UserController.delete(sylarlove.advance.model.main.User)
22:28:57.446 [localhost-startStop-1] INFO  o.s.w.s.m.m.a.RequestMappingHandlerMapping - Mapped "{[/user/update],methods=[POST],params=[],headers=[],consumes=[],produces=[],custom=[]}" onto public java.util.Map<java.lang.String, java.lang.Object> sylarlove.advance.controller.UserController.update(sylarlove.advance.model.main.User,org.springframework.validation.Errors)
22:28:57.447 [localhost-startStop-1] INFO  o.s.w.s.m.m.a.RequestMappingHandlerMapping - Mapped "{[/carType/add],methods=[POST],params=[],headers=[],consumes=[],produces=[],custom=[]}" onto public java.util.Map<java.lang.String, java.lang.Object> cn.huijin.vms.controller.CarTypeController.add(cn.huijin.vms.model.CarType,org.springframework.validation.Errors)
22:28:57.448 [localhost-startStop-1] INFO  o.s.w.s.m.m.a.RequestMappingHandlerMapping - Mapped "{[/carType/carTypes || /carType/ || /carType],methods=[GET],params=[],headers=[],consumes=[],produces=[],custom=[]}" onto public java.lang.String cn.huijin.vms.controller.CarTypeController.list(org.springframework.ui.Model)
22:28:57.448 [localhost-startStop-1] INFO  o.s.w.s.m.m.a.RequestMappingHandlerMapping - Mapped "{[/carType/delete],methods=[POST],params=[],headers=[],consumes=[],produces=[],custom=[]}" onto public java.util.Map<java.lang.String, java.lang.Object> cn.huijin.vms.controller.CarTypeController.delete(cn.huijin.vms.model.CarType)
22:28:57.449 [localhost-startStop-1] INFO  o.s.w.s.m.m.a.RequestMappingHandlerMapping - Mapped "{[/carType/update],methods=[POST],params=[],headers=[],consumes=[],produces=[],custom=[]}" onto public java.util.Map<java.lang.String, java.lang.Object> cn.huijin.vms.controller.CarTypeController.update(cn.huijin.vms.model.CarType,org.springframework.validation.Errors)
22:28:57.450 [localhost-startStop-1] INFO  o.s.w.s.m.m.a.RequestMappingHandlerMapping - Mapped "{[/door/getReaders],methods=[],params=[],headers=[],consumes=[],produces=[],custom=[]}" onto public java.lang.String cn.huijin.vms.controller.DoorController.getReader(java.lang.Long,org.springframework.ui.Model)
22:28:57.450 [localhost-startStop-1] INFO  o.s.w.s.m.m.a.RequestMappingHandlerMapping - Mapped "{[/door/getControllers],methods=[],params=[],headers=[],consumes=[],produces=[],custom=[]}" onto public java.lang.String cn.huijin.vms.controller.DoorController.getController(java.lang.Long,org.springframework.ui.Model)
22:28:57.451 [localhost-startStop-1] INFO  o.s.w.s.m.m.a.RequestMappingHandlerMapping - Mapped "{[/door/add],methods=[POST],params=[],headers=[],consumes=[],produces=[],custom=[]}" onto public java.util.Map<java.lang.String, java.lang.Object> cn.huijin.vms.controller.DoorController.add(cn.huijin.vms.model.Door,org.springframework.validation.Errors,org.springframework.ui.Model)
22:28:57.451 [localhost-startStop-1] INFO  o.s.w.s.m.m.a.RequestMappingHandlerMapping - Mapped "{[/door/doors || /door/ || /door],methods=[GET],params=[],headers=[],consumes=[],produces=[],custom=[]}" onto public java.lang.String cn.huijin.vms.controller.DoorController.list(org.springframework.ui.Model)
22:28:57.451 [localhost-startStop-1] INFO  o.s.w.s.m.m.a.RequestMappingHandlerMapping - Mapped "{[/door/delete],methods=[POST],params=[],headers=[],consumes=[],produces=[],custom=[]}" onto public java.util.Map<java.lang.String, java.lang.Object> cn.huijin.vms.controller.DoorController.delete(cn.huijin.vms.model.Door)
22:28:57.452 [localhost-startStop-1] INFO  o.s.w.s.m.m.a.RequestMappingHandlerMapping - Mapped "{[/door/update],methods=[POST],params=[],headers=[],consumes=[],produces=[],custom=[]}" onto public java.util.Map<java.lang.String, java.lang.Object> cn.huijin.vms.controller.DoorController.update(cn.huijin.vms.model.Door,org.springframework.validation.Errors,org.springframework.ui.Model)
22:28:57.453 [localhost-startStop-1] INFO  o.s.w.s.m.m.a.RequestMappingHandlerMapping - Mapped "{[/innerCar/add],methods=[POST],params=[],headers=[],consumes=[],produces=[],custom=[]}" onto public java.util.Map<java.lang.String, java.lang.Object> cn.huijin.vms.controller.InnerCarController.add(cn.huijin.vms.model.InnerCar,org.springframework.validation.Errors)
22:28:57.453 [localhost-startStop-1] INFO  o.s.w.s.m.m.a.RequestMappingHandlerMapping - Mapped "{[/innerCar/innerCars || /innerCar/ || /innerCar],methods=[GET],params=[],headers=[],consumes=[],produces=[],custom=[]}" onto public java.lang.String cn.huijin.vms.controller.InnerCarController.list(org.springframework.ui.Model)
22:28:57.454 [localhost-startStop-1] INFO  o.s.w.s.m.m.a.RequestMappingHandlerMapping - Mapped "{[/innerCar/delete],methods=[POST],params=[],headers=[],consumes=[],produces=[],custom=[]}" onto public java.util.Map<java.lang.String, java.lang.Object> cn.huijin.vms.controller.InnerCarController.delete(cn.huijin.vms.model.InnerCar)
22:28:57.454 [localhost-startStop-1] INFO  o.s.w.s.m.m.a.RequestMappingHandlerMapping - Mapped "{[/innerCar/update],methods=[POST],params=[],headers=[],consumes=[],produces=[],custom=[]}" onto public java.util.Map<java.lang.String, java.lang.Object> cn.huijin.vms.controller.InnerCarController.update(cn.huijin.vms.model.InnerCar,org.springframework.validation.Errors)
22:28:57.455 [localhost-startStop-1] INFO  o.s.w.s.m.m.a.RequestMappingHandlerMapping - Mapped "{[/innerPerson/changeStatus/{id}],methods=[GET],params=[],headers=[],consumes=[],produces=[],custom=[]}" onto public java.lang.String cn.huijin.vms.controller.InnerPersonController.changeStatus(java.lang.Long)
22:28:57.456 [localhost-startStop-1] INFO  o.s.w.s.m.m.a.RequestMappingHandlerMapping - Mapped "{[/innerPerson/add],methods=[POST],params=[],headers=[],consumes=[],produces=[],custom=[]}" onto public java.util.Map<java.lang.String, java.lang.Object> cn.huijin.vms.controller.InnerPersonController.add(cn.huijin.vms.model.InnerPerson,org.springframework.validation.Errors)
22:28:57.456 [localhost-startStop-1] INFO  o.s.w.s.m.m.a.RequestMappingHandlerMapping - Mapped "{[/innerPerson/innerPersons || /innerPerson/ || /innerPerson],methods=[GET],params=[],headers=[],consumes=[],produces=[],custom=[]}" onto public java.lang.String cn.huijin.vms.controller.InnerPersonController.list(org.springframework.ui.Model)
22:28:57.456 [localhost-startStop-1] INFO  o.s.w.s.m.m.a.RequestMappingHandlerMapping - Mapped "{[/innerPerson/delete],methods=[POST],params=[],headers=[],consumes=[],produces=[],custom=[]}" onto public java.util.Map<java.lang.String, java.lang.Object> cn.huijin.vms.controller.InnerPersonController.delete(cn.huijin.vms.model.InnerPerson)
22:28:57.457 [localhost-startStop-1] INFO  o.s.w.s.m.m.a.RequestMappingHandlerMapping - Mapped "{[/innerPerson/update],methods=[POST],params=[],headers=[],consumes=[],produces=[],custom=[]}" onto public java.util.Map<java.lang.String, java.lang.Object> cn.huijin.vms.controller.InnerPersonController.update(cn.huijin.vms.model.InnerPerson,org.springframework.validation.Errors)
22:28:57.458 [localhost-startStop-1] INFO  o.s.w.s.m.m.a.RequestMappingHandlerMapping - Mapped "{[/record/innerCarRecords],methods=[GET],params=[],headers=[],consumes=[],produces=[],custom=[]}" onto public java.lang.String cn.huijin.vms.controller.RecordController.listInnerCarRecords(org.springframework.ui.Model)
22:28:57.459 [localhost-startStop-1] INFO  o.s.w.s.m.m.a.RequestMappingHandlerMapping - Mapped "{[/record/innerPersonRecords],methods=[GET],params=[],headers=[],consumes=[],produces=[],custom=[]}" onto public java.lang.String cn.huijin.vms.controller.RecordController.listInnerPersonRecords(org.springframework.ui.Model)
22:28:57.466 [localhost-startStop-1] INFO  o.h.v.e.r.DefaultTraversableResolver - Instantiated an instance of org.hibernate.validator.engine.resolver.JPATraversableResolver.
22:28:57.949 [localhost-startStop-1] INFO  o.s.w.s.h.SimpleUrlHandlerMapping - Mapped URL path [/**] onto handler 'org.springframework.web.servlet.resource.DefaultServletHttpRequestHandler#0'
22:28:57.952 [localhost-startStop-1] INFO  o.h.v.e.r.DefaultTraversableResolver - Instantiated an instance of org.hibernate.validator.engine.resolver.JPATraversableResolver.
22:28:58.017 [localhost-startStop-1] INFO  o.s.web.servlet.DispatcherServlet - FrameworkServlet 'springDispatcherServlet': initialization completed in 887 ms
22:29:08.675 [http-bio-8090-exec-8] INFO  sylarlove.advance.realm.ShiroDbRealm - 超级管理员:武继明[admin]登陆了系统
23:22:46.554 [http-bio-8090-exec-6] INFO  sylarlove.advance.realm.ShiroDbRealm - 超级管理员:武继明[admin]登陆了系统
23:23:20.520 [http-bio-8090-exec-2] INFO  sylarlove.advance.realm.ShiroDbRealm - 超级管理员:武继明[admin]登陆了系统
