10:15:38.685 [localhost-startStop-1] INFO  o.s.web.context.ContextLoader - Root WebApplicationContext: initialization started
10:15:38.994 [localhost-startStop-1] INFO  o.s.w.c.s.XmlWebApplicationContext - Refreshing Root WebApplicationContext: startup date [Sat Nov 23 10:15:38 CST 2013]; root of context hierarchy
10:15:39.141 [localhost-startStop-1] INFO  o.s.b.f.xml.XmlBeanDefinitionReader - Loading XML bean definitions from URL [file:/E:/myworkspace/advance/target/classes/applicationContext.xml]
10:15:39.651 [localhost-startStop-1] INFO  o.s.c.a.ClassPathBeanDefinitionScanner - JSR-330 'javax.inject.Named' annotation found and supported for component scanning
10:15:40.038 [localhost-startStop-1] INFO  o.s.b.f.xml.XmlBeanDefinitionReader - Loading XML bean definitions from URL [file:/E:/myworkspace/advance/target/classes/applicationContext-shiro.xml]
10:15:40.071 [localhost-startStop-1] INFO  o.s.b.f.s.DefaultListableBeanFactory - Overriding bean definition for bean 'shiroDbRealm': replacing [Generic bean: class [sylarlove.advance.realm.ShiroDbRealm]; scope=singleton; abstract=false; lazyInit=false; autowireMode=0; dependencyCheck=0; autowireCandidate=true; primary=false; factoryBeanName=null; factoryMethodName=null; initMethodName=null; destroyMethodName=null; defined in file [E:\myworkspace\advance\target\classes\sylarlove\advance\realm\ShiroDbRealm.class]] with [Generic bean: class [sylarlove.advance.realm.ShiroDbRealm]; scope=; abstract=false; lazyInit=true; autowireMode=0; dependencyCheck=0; autowireCandidate=true; primary=false; factoryBeanName=null; factoryMethodName=null; initMethodName=null; destroyMethodName=null; defined in URL [file:/E:/myworkspace/advance/target/classes/applicationContext-shiro.xml]]
10:15:40.072 [localhost-startStop-1] INFO  o.s.b.f.xml.XmlBeanDefinitionReader - Loading XML bean definitions from URL [file:/E:/myworkspace/advance/target/classes/applicationContext-sms.xml]
10:15:40.223 [localhost-startStop-1] INFO  o.s.c.s.PropertySourcesPlaceholderConfigurer - Loading properties file from URL [file:/E:/myworkspace/advance/target/classes/jdbc.properties]
10:15:40.232 [localhost-startStop-1] INFO  o.s.b.f.a.AutowiredAnnotationBeanPostProcessor - JSR-330 'javax.inject.Inject' annotation found and supported for autowiring
10:15:40.447 [localhost-startStop-1] INFO  o.s.w.c.s.XmlWebApplicationContext - Bean 'org.springframework.transaction.annotation.AnnotationTransactionAttributeSource#0' of type [class org.springframework.transaction.annotation.AnnotationTransactionAttributeSource] is not eligible for getting processed by all BeanPostProcessors (for example: not eligible for auto-proxying)
10:15:40.449 [localhost-startStop-1] INFO  o.s.w.c.s.XmlWebApplicationContext - Bean 'org.springframework.transaction.config.internalTransactionAdvisor' of type [class org.springframework.transaction.interceptor.BeanFactoryTransactionAttributeSourceAdvisor] is not eligible for getting processed by all BeanPostProcessors (for example: not eligible for auto-proxying)
10:15:40.480 [localhost-startStop-1] INFO  o.s.w.c.s.XmlWebApplicationContext - Bean '(inner bean)' of type [class org.springframework.beans.factory.config.PropertiesFactoryBean] is not eligible for getting processed by all BeanPostProcessors (for example: not eligible for auto-proxying)
10:15:40.481 [localhost-startStop-1] INFO  o.s.w.c.s.XmlWebApplicationContext - Bean '(inner bean)' of type [class java.util.Properties] is not eligible for getting processed by all BeanPostProcessors (for example: not eligible for auto-proxying)
10:15:40.490 [localhost-startStop-1] INFO  o.s.w.c.s.XmlWebApplicationContext - Bean '(inner bean)' of type [class org.springframework.data.repository.core.support.PropertiesBasedNamedQueries] is not eligible for getting processed by all BeanPostProcessors (for example: not eligible for auto-proxying)
10:15:40.547 [localhost-startStop-1] INFO  com.mchange.v2.log.MLog - MLog clients using log4j logging.
10:15:40.597 [localhost-startStop-1] INFO  com.mchange.v2.c3p0.C3P0Registry - Initializing c3p0-0.9.2.1 [built 20-March-2013 10:47:27 +0000; debug? true; trace: 10]
10:15:40.666 [localhost-startStop-1] INFO  o.s.w.c.s.XmlWebApplicationContext - Bean 'dataSource' of type [class com.mchange.v2.c3p0.ComboPooledDataSource] is not eligible for getting processed by all BeanPostProcessors (for example: not eligible for auto-proxying)
10:15:40.698 [localhost-startStop-1] INFO  o.s.w.c.s.XmlWebApplicationContext - Bean 'hibernateJpaVendorAdapter' of type [class org.springframework.orm.jpa.vendor.HibernateJpaVendorAdapter] is not eligible for getting processed by all BeanPostProcessors (for example: not eligible for auto-proxying)
10:15:40.714 [localhost-startStop-1] INFO  o.s.o.j.LocalContainerEntityManagerFactoryBean - Building JPA container EntityManagerFactory for persistence unit 'default'
10:15:40.966 [localhost-startStop-1] INFO  o.h.annotations.common.Version - HCANN000001: Hibernate Commons Annotations {4.0.2.Final}
10:15:40.973 [localhost-startStop-1] INFO  org.hibernate.Version - HHH000412: Hibernate Core {4.2.6.Final}
10:15:40.976 [localhost-startStop-1] INFO  org.hibernate.cfg.Environment - HHH000206: hibernate.properties not found
10:15:40.978 [localhost-startStop-1] INFO  org.hibernate.cfg.Environment - HHH000021: Bytecode provider name : javassist
10:15:41.026 [localhost-startStop-1] INFO  org.hibernate.ejb.Ejb3Configuration - HHH000204: Processing PersistenceUnitInfo [
	name: default
	...]
10:15:41.274 [localhost-startStop-1] INFO  o.h.s.j.c.i.ConnectionProviderInitiator - HHH000130: Instantiating explicit connection provider: org.hibernate.ejb.connection.InjectedDataSourceConnectionProvider
10:15:41.332 [localhost-startStop-1] INFO  c.m.v.c.i.AbstractPoolBackedDataSource - Initializing c3p0 pool... com.mchange.v2.c3p0.ComboPooledDataSource [ acquireIncrement -> 3, acquireRetryAttempts -> 30, acquireRetryDelay -> 1000, autoCommitOnClose -> false, automaticTestTable -> null, breakAfterAcquireFailure -> false, checkoutTimeout -> 0, connectionCustomizerClassName -> null, connectionTesterClassName -> com.mchange.v2.c3p0.impl.DefaultConnectionTester, dataSourceName -> 1hge0yz8y109xp9q2noioy|648bda, debugUnreturnedConnectionStackTraces -> false, description -> null, driverClass -> com.mysql.jdbc.Driver, factoryClassLocation -> null, forceIgnoreUnresolvedTransactions -> false, identityToken -> 1hge0yz8y109xp9q2noioy|648bda, idleConnectionTestPeriod -> 0, initialPoolSize -> 3, jdbcUrl -> jdbc:mysql://localhost:3306/advance?characterEncoding=UTF-8, maxAdministrativeTaskTime -> 0, maxConnectionAge -> 0, maxIdleTime -> 0, maxIdleTimeExcessConnections -> 0, maxPoolSize -> 10, maxStatements -> 0, maxStatementsPerConnection -> 0, minPoolSize -> 1, numHelperThreads -> 3, preferredTestQuery -> null, properties -> {user=******, password=******}, propertyCycle -> 0, statementCacheNumDeferredCloseThreads -> 0, testConnectionOnCheckin -> false, testConnectionOnCheckout -> false, unreturnedConnectionTimeout -> 0, userOverrides -> {}, usesTraditionalReflectiveProxies -> false ]
10:15:42.703 [localhost-startStop-1] INFO  org.hibernate.dialect.Dialect - HHH000400: Using dialect: org.hibernate.dialect.MySQL5InnoDBDialect
10:15:42.721 [localhost-startStop-1] INFO  o.h.e.j.internal.LobCreatorBuilder - HHH000423: Disabling contextual LOB creation as JDBC driver reported JDBC version [3] less than 4
10:15:43.043 [localhost-startStop-1] INFO  o.h.e.t.i.TransactionFactoryInitiator - HHH000268: Transaction strategy: org.hibernate.engine.transaction.internal.jdbc.JdbcTransactionFactory
10:15:43.063 [localhost-startStop-1] INFO  o.h.h.i.a.ASTQueryTranslatorFactory - HHH000397: Using ASTQueryTranslatorFactory
10:15:43.204 [localhost-startStop-1] INFO  o.h.cache.spi.UpdateTimestampsCache - HHH000250: Starting update timestamps cache at region: org.hibernate.cache.spi.UpdateTimestampsCache
10:15:43.208 [localhost-startStop-1] WARN  o.h.c.e.AbstractEhcacheRegionFactory - HHH020003: Could not find a specific ehcache configuration for cache named [org.hibernate.cache.spi.UpdateTimestampsCache]; using defaults.
10:15:43.323 [localhost-startStop-1] INFO  o.h.c.internal.StandardQueryCache - HHH000248: Starting query cache at region: org.hibernate.cache.internal.StandardQueryCache
10:15:43.324 [localhost-startStop-1] WARN  o.h.c.e.AbstractEhcacheRegionFactory - HHH020003: Could not find a specific ehcache configuration for cache named [org.hibernate.cache.internal.StandardQueryCache]; using defaults.
10:15:43.382 [localhost-startStop-1] INFO  org.hibernate.validator.util.Version - Hibernate Validator 4.1.0.Final
10:15:43.389 [localhost-startStop-1] INFO  o.h.v.e.r.DefaultTraversableResolver - Instantiated an instance of org.hibernate.validator.engine.resolver.JPATraversableResolver.
10:15:43.435 [localhost-startStop-1] INFO  o.h.v.e.r.DefaultTraversableResolver - Instantiated an instance of org.hibernate.validator.engine.resolver.JPATraversableResolver.
10:15:44.485 [localhost-startStop-1] WARN  o.h.c.e.AbstractEhcacheRegionFactory - HHH020003: Could not find a specific ehcache configuration for cache named [sylarlove.advance.model.main]; using defaults.
10:15:44.728 [localhost-startStop-1] INFO  o.h.tool.hbm2ddl.SchemaUpdate - HHH000228: Running hbm2ddl schema update
10:15:44.728 [localhost-startStop-1] INFO  o.h.tool.hbm2ddl.SchemaUpdate - HHH000102: Fetching database metadata
10:15:44.732 [localhost-startStop-1] INFO  o.h.tool.hbm2ddl.SchemaUpdate - HHH000396: Updating schema
10:15:45.053 [localhost-startStop-1] INFO  o.h.tool.hbm2ddl.TableMetadata - HHH000261: Table found: advance.sa_t_organization
10:15:45.054 [localhost-startStop-1] INFO  o.h.tool.hbm2ddl.TableMetadata - HHH000037: Columns: [id, index, name, parent_id]
10:15:45.054 [localhost-startStop-1] INFO  o.h.tool.hbm2ddl.TableMetadata - HHH000108: Foreign keys: [fk_k8ujwspl3j59b9jf525q8wjsm]
10:15:45.054 [localhost-startStop-1] INFO  o.h.tool.hbm2ddl.TableMetadata - HHH000126: Indexes: [fk_k8ujwspl3j59b9jf525q8wjsm, primary]
10:15:45.101 [localhost-startStop-1] INFO  o.h.tool.hbm2ddl.TableMetadata - HHH000261: Table found: advance.sa_t_permission
10:15:45.101 [localhost-startStop-1] INFO  o.h.tool.hbm2ddl.TableMetadata - HHH000037: Columns: [id, sn, name]
10:15:45.102 [localhost-startStop-1] INFO  o.h.tool.hbm2ddl.TableMetadata - HHH000108: Foreign keys: []
10:15:45.102 [localhost-startStop-1] INFO  o.h.tool.hbm2ddl.TableMetadata - HHH000126: Indexes: [primary]
10:15:45.148 [localhost-startStop-1] INFO  o.h.tool.hbm2ddl.TableMetadata - HHH000261: Table found: advance.sa_t_role
10:15:45.148 [localhost-startStop-1] INFO  o.h.tool.hbm2ddl.TableMetadata - HHH000037: Columns: [id, sn, name]
10:15:45.148 [localhost-startStop-1] INFO  o.h.tool.hbm2ddl.TableMetadata - HHH000108: Foreign keys: []
10:15:45.148 [localhost-startStop-1] INFO  o.h.tool.hbm2ddl.TableMetadata - HHH000126: Indexes: [primary]
10:15:45.196 [localhost-startStop-1] INFO  o.h.tool.hbm2ddl.TableMetadata - HHH000261: Table found: advance.sa_t_role_sa_t_permission
10:15:45.196 [localhost-startStop-1] INFO  o.h.tool.hbm2ddl.TableMetadata - HHH000037: Columns: [sa_t_role_id, permissions_id]
10:15:45.197 [localhost-startStop-1] INFO  o.h.tool.hbm2ddl.TableMetadata - HHH000108: Foreign keys: [fk_p4gfp08s3phx9uh31t5emggex, fk_e8ss406inge70m3q01q0kvjlv]
10:15:45.197 [localhost-startStop-1] INFO  o.h.tool.hbm2ddl.TableMetadata - HHH000126: Indexes: [fk_p4gfp08s3phx9uh31t5emggex, fk_e8ss406inge70m3q01q0kvjlv]
10:15:45.220 [localhost-startStop-1] INFO  o.h.tool.hbm2ddl.TableMetadata - HHH000261: Table found: advance.sa_t_user
10:15:45.221 [localhost-startStop-1] INFO  o.h.tool.hbm2ddl.TableMetadata - HHH000037: Columns: [id, username, phone, status, email, organization_id, create_time, realname, password]
10:15:45.221 [localhost-startStop-1] INFO  o.h.tool.hbm2ddl.TableMetadata - HHH000108: Foreign keys: [fk_sy1r7u3vmw0vk9vc5luc3p0ks]
10:15:45.221 [localhost-startStop-1] INFO  o.h.tool.hbm2ddl.TableMetadata - HHH000126: Indexes: [primary, fk_sy1r7u3vmw0vk9vc5luc3p0ks, uk_j0juytie7lblr8wdok1pkbap1]
10:15:45.230 [localhost-startStop-1] INFO  o.h.tool.hbm2ddl.TableMetadata - HHH000261: Table found: advance.sa_t_user_sa_t_role
10:15:45.230 [localhost-startStop-1] INFO  o.h.tool.hbm2ddl.TableMetadata - HHH000037: Columns: [sa_t_user_id, roles_id]
10:15:45.230 [localhost-startStop-1] INFO  o.h.tool.hbm2ddl.TableMetadata - HHH000108: Foreign keys: [fk_d25962c8fwqmwea09r5cvs486, fk_li4mqqv6o717jed0hxq1c8lsh]
10:15:45.230 [localhost-startStop-1] INFO  o.h.tool.hbm2ddl.TableMetadata - HHH000126: Indexes: [fk_d25962c8fwqmwea09r5cvs486, fk_li4mqqv6o717jed0hxq1c8lsh]
10:15:45.277 [localhost-startStop-1] INFO  o.h.tool.hbm2ddl.TableMetadata - HHH000261: Table found: advance.t_car_type
10:15:45.277 [localhost-startStop-1] INFO  o.h.tool.hbm2ddl.TableMetadata - HHH000037: Columns: [id, name]
10:15:45.277 [localhost-startStop-1] INFO  o.h.tool.hbm2ddl.TableMetadata - HHH000108: Foreign keys: []
10:15:45.277 [localhost-startStop-1] INFO  o.h.tool.hbm2ddl.TableMetadata - HHH000126: Indexes: [primary, uk_dltbu6u5nix3wep1wpofwktwe]
10:15:45.295 [localhost-startStop-1] INFO  o.h.tool.hbm2ddl.TableMetadata - HHH000261: Table found: advance.t_card
10:15:45.295 [localhost-startStop-1] INFO  o.h.tool.hbm2ddl.TableMetadata - HHH000037: Columns: [cardtype, id, number]
10:15:45.295 [localhost-startStop-1] INFO  o.h.tool.hbm2ddl.TableMetadata - HHH000108: Foreign keys: []
10:15:45.295 [localhost-startStop-1] INFO  o.h.tool.hbm2ddl.TableMetadata - HHH000126: Indexes: [primary, uk_fv3muenbn114v89v47h4562m4]
10:15:45.328 [localhost-startStop-1] INFO  o.h.tool.hbm2ddl.TableMetadata - HHH000261: Table found: advance.t_controller
10:15:45.328 [localhost-startStop-1] INFO  o.h.tool.hbm2ddl.TableMetadata - HHH000037: Columns: [id, sn, door_id, ip]
10:15:45.328 [localhost-startStop-1] INFO  o.h.tool.hbm2ddl.TableMetadata - HHH000108: Foreign keys: [fk_1irrnet40nfb8v9ab0eenou6c]
10:15:45.328 [localhost-startStop-1] INFO  o.h.tool.hbm2ddl.TableMetadata - HHH000126: Indexes: [uk_opfyxopyoptth2rd0qagwf4qg, fk_1irrnet40nfb8v9ab0eenou6c, primary]
10:15:45.350 [localhost-startStop-1] INFO  o.h.tool.hbm2ddl.TableMetadata - HHH000261: Table found: advance.t_dispatch_car_form
10:15:45.350 [localhost-startStop-1] INFO  o.h.tool.hbm2ddl.TableMetadata - HHH000037: Columns: [car_id, reason, line, id, carmanager, approve_time, end_time, approveperson, create_time, target, start_time, driver, user, agree]
10:15:45.350 [localhost-startStop-1] INFO  o.h.tool.hbm2ddl.TableMetadata - HHH000108: Foreign keys: []
10:15:45.350 [localhost-startStop-1] INFO  o.h.tool.hbm2ddl.TableMetadata - HHH000126: Indexes: [primary]
10:15:45.358 [localhost-startStop-1] INFO  o.h.tool.hbm2ddl.TableMetadata - HHH000261: Table found: advance.t_door
10:15:45.358 [localhost-startStop-1] INFO  o.h.tool.hbm2ddl.TableMetadata - HHH000037: Columns: [id, organization_id, name]
10:15:45.358 [localhost-startStop-1] INFO  o.h.tool.hbm2ddl.TableMetadata - HHH000108: Foreign keys: [fk_mptuyuunm1nl4bvv7yy7nadx4]
10:15:45.358 [localhost-startStop-1] INFO  o.h.tool.hbm2ddl.TableMetadata - HHH000126: Indexes: [primary, fk_mptuyuunm1nl4bvv7yy7nadx4]
10:15:45.428 [localhost-startStop-1] INFO  o.h.tool.hbm2ddl.TableMetadata - HHH000261: Table found: advance.t_inner_car
10:15:45.428 [localhost-startStop-1] INFO  o.h.tool.hbm2ddl.TableMetadata - HHH000037: Columns: [id, level, car_id, status, organization_id, create_time, user_id, car_type_id, notify_id, license]
10:15:45.428 [localhost-startStop-1] INFO  o.h.tool.hbm2ddl.TableMetadata - HHH000108: Foreign keys: [fk_pytwejsmdx5albd6ie21dm9jm, fk_ktrss9ywxhbs6h0v9y7vqwx2h, fk_6ukb7qmicayhc07uo0q56lyw4, fk_7x2t8uhtbj0ae6atxqgjyjkng, fk_2cbg0se1aiwf3raqv7kkxjcoj]
10:15:45.428 [localhost-startStop-1] INFO  o.h.tool.hbm2ddl.TableMetadata - HHH000126: Indexes: [fk_pytwejsmdx5albd6ie21dm9jm, fk_ktrss9ywxhbs6h0v9y7vqwx2h, fk_6ukb7qmicayhc07uo0q56lyw4, primary, fk_7x2t8uhtbj0ae6atxqgjyjkng, uk_r4sdxtyvfsonf9g1owhsjho0q, fk_2cbg0se1aiwf3raqv7kkxjcoj]
10:15:45.483 [localhost-startStop-1] INFO  o.h.tool.hbm2ddl.TableMetadata - HHH000261: Table found: advance.t_inner_car_record
10:15:45.484 [localhost-startStop-1] INFO  o.h.tool.hbm2ddl.TableMetadata - HHH000037: Columns: [id, car_id, status, form_id, door_id, type, date]
10:15:45.484 [localhost-startStop-1] INFO  o.h.tool.hbm2ddl.TableMetadata - HHH000108: Foreign keys: [fk_h8n0j2t00bl9aogu9s0o9vofj, fk_73p60c5y1aq7bhuqy8x45dfjy]
10:15:45.484 [localhost-startStop-1] INFO  o.h.tool.hbm2ddl.TableMetadata - HHH000126: Indexes: [fk_h8n0j2t00bl9aogu9s0o9vofj, fk_73p60c5y1aq7bhuqy8x45dfjy, primary]
10:15:45.563 [localhost-startStop-1] INFO  o.h.tool.hbm2ddl.TableMetadata - HHH000261: Table found: advance.t_inner_person
10:15:45.564 [localhost-startStop-1] INFO  o.h.tool.hbm2ddl.TableMetadata - HHH000037: Columns: [id, phone, certificate, sex, status, organization_id, name, create_time, notify_id, card_id]
10:15:45.564 [localhost-startStop-1] INFO  o.h.tool.hbm2ddl.TableMetadata - HHH000108: Foreign keys: [fk_ksrogfeueidd2ka96nhugnmw3, fk_d2lihx1sh8e4huo15g9aof8fx, fk_7ia9p7s8q6y96nm6mf1t7bd7v]
10:15:45.564 [localhost-startStop-1] INFO  o.h.tool.hbm2ddl.TableMetadata - HHH000126: Indexes: [uk_sbxlbxcw14u1q4j7gp3uwg2eo, fk_7ia9p7s8q6y96nm6mf1t7bd7v, fk_ksrogfeueidd2ka96nhugnmw3, fk_d2lihx1sh8e4huo15g9aof8fx, primary]
10:15:45.623 [localhost-startStop-1] INFO  o.h.tool.hbm2ddl.TableMetadata - HHH000261: Table found: advance.t_inner_person_record
10:15:45.624 [localhost-startStop-1] INFO  o.h.tool.hbm2ddl.TableMetadata - HHH000037: Columns: [id, person_id, status, leave_id, door_id, type, date]
10:15:45.624 [localhost-startStop-1] INFO  o.h.tool.hbm2ddl.TableMetadata - HHH000108: Foreign keys: [fk_r0e079u7lsicwjpgknujloiv9, fk_11q8b7yi54hpn5wyvy61b4i2n]
10:15:45.624 [localhost-startStop-1] INFO  o.h.tool.hbm2ddl.TableMetadata - HHH000126: Indexes: [fk_r0e079u7lsicwjpgknujloiv9, primary, fk_11q8b7yi54hpn5wyvy61b4i2n]
10:15:45.653 [localhost-startStop-1] INFO  o.h.tool.hbm2ddl.TableMetadata - HHH000261: Table found: advance.t_inner_person_sa_t_user
10:15:45.653 [localhost-startStop-1] INFO  o.h.tool.hbm2ddl.TableMetadata - HHH000037: Columns: [t_inner_person_id, users_id]
10:15:45.653 [localhost-startStop-1] INFO  o.h.tool.hbm2ddl.TableMetadata - HHH000108: Foreign keys: [fk_rho5nkus18o0c4898rmqqgdfl, fk_chlv6m9wekv4jx3u6wkejvepg]
10:15:45.653 [localhost-startStop-1] INFO  o.h.tool.hbm2ddl.TableMetadata - HHH000126: Indexes: [fk_rho5nkus18o0c4898rmqqgdfl, fk_chlv6m9wekv4jx3u6wkejvepg]
10:15:45.700 [localhost-startStop-1] INFO  o.h.tool.hbm2ddl.TableMetadata - HHH000261: Table found: advance.t_leave
10:15:45.700 [localhost-startStop-1] INFO  o.h.tool.hbm2ddl.TableMetadata - HHH000037: Columns: [id, person_id, remark, reason, end_time, approve_time, approveperson, create_time, start_time, agree]
10:15:45.700 [localhost-startStop-1] INFO  o.h.tool.hbm2ddl.TableMetadata - HHH000108: Foreign keys: [fk_4lqjos9mr7yopxnuhvqiamkf9]
10:15:45.700 [localhost-startStop-1] INFO  o.h.tool.hbm2ddl.TableMetadata - HHH000126: Indexes: [primary, fk_4lqjos9mr7yopxnuhvqiamkf9]
10:15:45.768 [localhost-startStop-1] INFO  o.h.tool.hbm2ddl.TableMetadata - HHH000261: Table found: advance.t_notify
10:15:45.768 [localhost-startStop-1] INFO  o.h.tool.hbm2ddl.TableMetadata - HHH000037: Columns: [endtime, id, starttime, name]
10:15:45.768 [localhost-startStop-1] INFO  o.h.tool.hbm2ddl.TableMetadata - HHH000108: Foreign keys: []
10:15:45.768 [localhost-startStop-1] INFO  o.h.tool.hbm2ddl.TableMetadata - HHH000126: Indexes: [primary, uk_ex15o63s1f48u6qodwrn39ofy]
10:15:45.815 [localhost-startStop-1] INFO  o.h.tool.hbm2ddl.TableMetadata - HHH000261: Table found: advance.t_outer_car
10:15:45.815 [localhost-startStop-1] INFO  o.h.tool.hbm2ddl.TableMetadata - HHH000037: Columns: [id, car_id, status, create_time, license]
10:15:45.815 [localhost-startStop-1] INFO  o.h.tool.hbm2ddl.TableMetadata - HHH000108: Foreign keys: [fk_kwelwsfr6gd7b6vmwbw0x1ov2]
10:15:45.815 [localhost-startStop-1] INFO  o.h.tool.hbm2ddl.TableMetadata - HHH000126: Indexes: [uk_9dmq5oxvipoiof5d646xvy1b2, primary, fk_kwelwsfr6gd7b6vmwbw0x1ov2]
10:15:45.881 [localhost-startStop-1] INFO  o.h.tool.hbm2ddl.TableMetadata - HHH000261: Table found: advance.t_outer_person
10:15:45.881 [localhost-startStop-1] INFO  o.h.tool.hbm2ddl.TableMetadata - HHH000037: Columns: [id, phone, sex, status, name, create_time, card_id]
10:15:45.881 [localhost-startStop-1] INFO  o.h.tool.hbm2ddl.TableMetadata - HHH000108: Foreign keys: [fk_pugojeiwngr3g5ga5sjlj6kd7]
10:15:45.881 [localhost-startStop-1] INFO  o.h.tool.hbm2ddl.TableMetadata - HHH000126: Indexes: [fk_pugojeiwngr3g5ga5sjlj6kd7, uk_b04s2pvej5dfgr2i5b9yyaed4, primary]
10:15:45.949 [localhost-startStop-1] INFO  o.h.tool.hbm2ddl.TableMetadata - HHH000261: Table found: advance.t_reader
10:15:45.950 [localhost-startStop-1] INFO  o.h.tool.hbm2ddl.TableMetadata - HHH000037: Columns: [id, gate_number, number, type, controle_id]
10:15:45.950 [localhost-startStop-1] INFO  o.h.tool.hbm2ddl.TableMetadata - HHH000108: Foreign keys: [fk_bxq69cf23sfqqsrjlidwwuist]
10:15:45.950 [localhost-startStop-1] INFO  o.h.tool.hbm2ddl.TableMetadata - HHH000126: Indexes: [fk_bxq69cf23sfqqsrjlidwwuist, primary]
10:15:46.007 [localhost-startStop-1] INFO  o.h.tool.hbm2ddl.TableMetadata - HHH000261: Table found: advance.hibernate_sequences
10:15:46.008 [localhost-startStop-1] INFO  o.h.tool.hbm2ddl.TableMetadata - HHH000037: Columns: [sequence_next_hi_value, sequence_name]
10:15:46.008 [localhost-startStop-1] INFO  o.h.tool.hbm2ddl.TableMetadata - HHH000108: Foreign keys: []
10:15:46.008 [localhost-startStop-1] INFO  o.h.tool.hbm2ddl.TableMetadata - HHH000126: Indexes: []
10:15:46.008 [localhost-startStop-1] INFO  o.h.tool.hbm2ddl.SchemaUpdate - HHH000232: Schema update complete
10:15:46.112 [localhost-startStop-1] INFO  o.s.w.c.s.XmlWebApplicationContext - Bean 'entityManagerFactory' of type [class org.springframework.orm.jpa.LocalContainerEntityManagerFactoryBean] is not eligible for getting processed by all BeanPostProcessors (for example: not eligible for auto-proxying)
10:15:46.113 [localhost-startStop-1] INFO  o.s.w.c.s.XmlWebApplicationContext - Bean 'entityManagerFactory' of type [class com.sun.proxy.$Proxy58] is not eligible for getting processed by all BeanPostProcessors (for example: not eligible for auto-proxying)
10:15:46.140 [localhost-startStop-1] INFO  o.s.w.c.s.XmlWebApplicationContext - Bean '(inner bean)#1' of type [class com.sun.proxy.$Proxy60] is not eligible for getting processed by all BeanPostProcessors (for example: not eligible for auto-proxying)
10:15:46.270 [localhost-startStop-1] INFO  o.s.w.c.s.XmlWebApplicationContext - Bean 'userDao' of type [class org.springframework.data.jpa.repository.support.JpaRepositoryFactoryBean] is not eligible for getting processed by all BeanPostProcessors (for example: not eligible for auto-proxying)
10:15:46.358 [localhost-startStop-1] INFO  o.s.w.c.s.XmlWebApplicationContext - Bean 'userDao' of type [class com.sun.proxy.$Proxy61] is not eligible for getting processed by all BeanPostProcessors (for example: not eligible for auto-proxying)
10:15:46.365 [localhost-startStop-1] INFO  o.s.w.c.s.XmlWebApplicationContext - Bean 'userService' of type [class sylarlove.advance.service.UserService] is not eligible for getting processed by all BeanPostProcessors (for example: not eligible for auto-proxying)
10:15:46.373 [localhost-startStop-1] INFO  o.a.shiro.realm.AuthorizingRealm - No cache or cacheManager properties have been set.  Authorization cache cannot be obtained.
10:15:46.373 [localhost-startStop-1] INFO  o.s.w.c.s.XmlWebApplicationContext - Bean 'shiroDbRealm' of type [class sylarlove.advance.realm.ShiroDbRealm] is not eligible for getting processed by all BeanPostProcessors (for example: not eligible for auto-proxying)
10:15:46.385 [localhost-startStop-1] INFO  o.s.w.c.s.XmlWebApplicationContext - Bean 'shiroEhcacheManager' of type [class org.apache.shiro.cache.ehcache.EhCacheManager] is not eligible for getting processed by all BeanPostProcessors (for example: not eligible for auto-proxying)
10:15:46.387 [localhost-startStop-1] INFO  o.a.s.cache.ehcache.EhCacheManager - Cache with name 'shiroDbRealm.authorizationCache' does not yet exist.  Creating now.
10:15:46.393 [localhost-startStop-1] INFO  o.a.s.cache.ehcache.EhCacheManager - Added EhCache named [shiroDbRealm.authorizationCache]
10:15:46.393 [localhost-startStop-1] INFO  o.s.w.c.s.XmlWebApplicationContext - Bean 'securityManager' of type [class org.apache.shiro.web.mgt.DefaultWebSecurityManager] is not eligible for getting processed by all BeanPostProcessors (for example: not eligible for auto-proxying)
10:15:46.413 [localhost-startStop-1] INFO  o.s.b.f.s.DefaultListableBeanFactory - Pre-instantiating singletons in org.springframework.beans.factory.support.DefaultListableBeanFactory@1efaa: defining beans [shiroDbRealm,organizationService,userService,carTypeService,controllerService,dispatchCarFormService,doorService,innerCarService,innerPersonService,leaveService,myRecordService,notifyService,recordServiceEndpoint,org.springframework.context.annotation.internalConfigurationAnnotationProcessor,org.springframework.context.annotation.internalAutowiredAnnotationProcessor,org.springframework.context.annotation.internalRequiredAnnotationProcessor,org.springframework.context.annotation.internalCommonAnnotationProcessor,org.springframework.context.annotation.internalPersistenceAnnotationProcessor,org.springframework.context.support.PropertySourcesPlaceholderConfigurer#0,dataSource,entityManagerFactory,hibernateJpaVendorAdapter,transactionManager,org.springframework.aop.config.internalAutoProxyCreator,org.springframework.transaction.annotation.AnnotationTransactionAttributeSource#0,org.springframework.transaction.interceptor.TransactionInterceptor#0,org.springframework.transaction.config.internalTransactionAdvisor,readerDao,notifyDao,innerPersonDao,carTypeDao,cardDao,organizationDao,dispatchCarFormDao,innerCarRecordDao,controllerDao,doorDao,innerCarDao,innerPersonRecordDao,userDao,leaveDao,org.springframework.data.repository.core.support.RepositoryInterfaceAwareBeanPostProcessor#0,securityManager,shiroFilter,shiroEhcacheManager,lifecycleBeanPostProcessor,sylarlove.advance.moudle.sms.SmsService#0,org.springframework.context.annotation.ConfigurationClassPostProcessor.importAwareProcessor]; root of factory hierarchy
10:15:46.857 [localhost-startStop-1] INFO  s.advance.moudle.sms.SmsService - 没有找到短信猫设备
10:15:46.950 [localhost-startStop-1] INFO  o.s.web.context.ContextLoader - Root WebApplicationContext: initialization completed in 8261 ms
10:15:46.950 [localhost-startStop-1] INFO  s.a.m.s.w.l.SmsLifecycleListener - 短信服务生命周期监听器初始化。
10:15:46.997 [localhost-startStop-1] INFO  o.s.w.t.h.MessageDispatcherServlet - FrameworkServlet 'spring-ws': initialization started
10:15:47.000 [localhost-startStop-1] INFO  o.s.w.c.s.XmlWebApplicationContext - Refreshing WebApplicationContext for namespace 'spring-ws-servlet': startup date [Sat Nov 23 10:15:47 CST 2013]; parent: Root WebApplicationContext
10:15:47.001 [localhost-startStop-1] INFO  o.s.b.f.xml.XmlBeanDefinitionReader - Loading XML bean definitions from ServletContext resource [/WEB-INF/spring-ws-servlet.xml]
10:15:47.022 [localhost-startStop-1] INFO  o.s.c.a.ClassPathBeanDefinitionScanner - JSR-330 'javax.inject.Named' annotation found and supported for component scanning
10:15:47.076 [localhost-startStop-1] INFO  o.s.b.f.a.AutowiredAnnotationBeanPostProcessor - JSR-330 'javax.inject.Inject' annotation found and supported for autowiring
10:15:47.144 [localhost-startStop-1] INFO  o.s.w.s.a.s.AnnotationActionEndpointMapping - Supporting [WS-Addressing August 2004, WS-Addressing 1.0]
10:15:47.145 [localhost-startStop-1] INFO  o.s.b.f.s.DefaultListableBeanFactory - Pre-instantiating singletons in org.springframework.beans.factory.support.DefaultListableBeanFactory@16e156b: defining beans [recordServiceEndpoint,org.springframework.context.annotation.internalConfigurationAnnotationProcessor,org.springframework.context.annotation.internalAutowiredAnnotationProcessor,org.springframework.context.annotation.internalRequiredAnnotationProcessor,org.springframework.context.annotation.internalCommonAnnotationProcessor,org.springframework.context.annotation.internalPersistenceAnnotationProcessor,org.springframework.ws.server.endpoint.mapping.PayloadRootAnnotationMethodEndpointMapping#0,org.springframework.ws.soap.server.endpoint.mapping.SoapActionAnnotationMethodEndpointMapping#0,org.springframework.ws.soap.addressing.server.AnnotationActionEndpointMapping#0,org.springframework.ws.server.endpoint.adapter.method.dom.DomPayloadMethodProcessor#0,org.springframework.ws.server.endpoint.adapter.method.SourcePayloadMethodProcessor#0,org.springframework.ws.server.endpoint.adapter.method.dom.Dom4jPayloadMethodProcessor#0,org.springframework.ws.server.endpoint.adapter.method.jaxb.XmlRootElementPayloadMethodProcessor#0,org.springframework.ws.server.endpoint.adapter.method.jaxb.JaxbElementPayloadMethodProcessor#0,org.springframework.ws.server.endpoint.adapter.method.dom.XomPayloadMethodProcessor#0,org.springframework.ws.server.endpoint.adapter.DefaultMethodEndpointAdapter#0,org.springframework.ws.soap.server.endpoint.SoapFaultAnnotationExceptionResolver#0,org.springframework.ws.soap.server.endpoint.SimpleSoapExceptionResolver#0,org.springframework.xml.xsd.SimpleXsdSchema#0,record,org.springframework.context.annotation.ConfigurationClassPostProcessor.importAwareProcessor]; parent: org.springframework.beans.factory.support.DefaultListableBeanFactory@1efaa
10:15:47.450 [localhost-startStop-1] INFO  o.s.w.s.saaj.SaajSoapMessageFactory - Creating SAAJ 1.3 MessageFactory with SOAP 1.1 Protocol
10:15:47.459 [localhost-startStop-1] INFO  o.s.w.t.h.MessageDispatcherServlet - FrameworkServlet 'spring-ws': initialization completed in 462 ms
10:15:47.487 [localhost-startStop-1] INFO  o.s.web.servlet.DispatcherServlet - FrameworkServlet 'springDispatcherServlet': initialization started
10:15:47.487 [localhost-startStop-1] INFO  o.s.w.c.s.XmlWebApplicationContext - Refreshing WebApplicationContext for namespace 'springDispatcherServlet-servlet': startup date [Sat Nov 23 10:15:47 CST 2013]; parent: Root WebApplicationContext
10:15:47.488 [localhost-startStop-1] INFO  o.s.b.f.xml.XmlBeanDefinitionReader - Loading XML bean definitions from ServletContext resource [/WEB-INF/spring-mvc.xml]
10:15:47.603 [localhost-startStop-1] INFO  o.s.b.f.a.AutowiredAnnotationBeanPostProcessor - JSR-330 'javax.inject.Inject' annotation found and supported for autowiring
10:15:47.614 [localhost-startStop-1] INFO  o.s.b.f.s.DefaultListableBeanFactory - Pre-instantiating singletons in org.springframework.beans.factory.support.DefaultListableBeanFactory@10a307e: defining beans [indexController,organizationController,userController,carTypeController,dispatchCarFormController,doorController,innerCarController,innerPersonController,leaveController,notifyController,recordController,org.springframework.context.annotation.internalConfigurationAnnotationProcessor,org.springframework.context.annotation.internalAutowiredAnnotationProcessor,org.springframework.context.annotation.internalRequiredAnnotationProcessor,org.springframework.context.annotation.internalCommonAnnotationProcessor,org.springframework.context.annotation.internalPersistenceAnnotationProcessor,mvcContentNegotiationManager,org.springframework.web.servlet.mvc.method.annotation.RequestMappingHandlerMapping#0,org.springframework.format.support.FormattingConversionServiceFactoryBean#0,org.springframework.validation.beanvalidation.LocalValidatorFactoryBean#0,org.springframework.web.servlet.mvc.method.annotation.RequestMappingHandlerAdapter#0,org.springframework.web.servlet.handler.MappedInterceptor#0,org.springframework.web.servlet.mvc.method.annotation.ExceptionHandlerExceptionResolver#0,org.springframework.web.servlet.mvc.annotation.ResponseStatusExceptionResolver#0,org.springframework.web.servlet.mvc.support.DefaultHandlerExceptionResolver#0,org.springframework.web.servlet.handler.BeanNameUrlHandlerMapping,org.springframework.web.servlet.mvc.HttpRequestHandlerAdapter,org.springframework.web.servlet.mvc.SimpleControllerHandlerAdapter,org.springframework.web.servlet.resource.DefaultServletHttpRequestHandler#0,org.springframework.web.servlet.handler.SimpleUrlHandlerMapping#0,validator,messageSource,multipartResolver,org.springframework.web.servlet.view.InternalResourceViewResolver#0,exceptionResolver,org.springframework.context.annotation.ConfigurationClassPostProcessor.importAwareProcessor]; parent: org.springframework.beans.factory.support.DefaultListableBeanFactory@1efaa
10:15:47.732 [localhost-startStop-1] INFO  o.s.w.s.m.m.a.RequestMappingHandlerMapping - Mapped "{[/login],methods=[POST],params=[],headers=[],consumes=[],produces=[],custom=[]}" onto public org.springframework.web.servlet.ModelAndView sylarlove.advance.controller.IndexController.login(sylarlove.advance.controller.LoginCommand,org.springframework.validation.Errors)
10:15:47.733 [localhost-startStop-1] INFO  o.s.w.s.m.m.a.RequestMappingHandlerMapping - Mapped "{[/login],methods=[GET],params=[],headers=[],consumes=[],produces=[],custom=[]}" onto public java.lang.String sylarlove.advance.controller.IndexController.login(sylarlove.advance.controller.LoginCommand)
10:15:47.733 [localhost-startStop-1] INFO  o.s.w.s.m.m.a.RequestMappingHandlerMapping - Mapped "{[/logout],methods=[],params=[],headers=[],consumes=[],produces=[],custom=[]}" onto public java.lang.String sylarlove.advance.controller.IndexController.logout()
10:15:47.733 [localhost-startStop-1] INFO  o.s.w.s.m.m.a.RequestMappingHandlerMapping - Mapped "{[/unauthorized],methods=[],params=[],headers=[],consumes=[],produces=[],custom=[]}" onto public java.lang.String sylarlove.advance.controller.IndexController.unauthorized()
10:15:47.733 [localhost-startStop-1] INFO  o.s.w.s.m.m.a.RequestMappingHandlerMapping - Mapped "{[/index || /],methods=[],params=[],headers=[],consumes=[],produces=[],custom=[]}" onto public java.lang.String sylarlove.advance.controller.IndexController.index()
10:15:47.734 [localhost-startStop-1] INFO  o.s.w.s.m.m.a.RequestMappingHandlerMapping - Mapped "{[/organization/getOrganization],methods=[],params=[],headers=[],consumes=[],produces=[],custom=[]}" onto public java.lang.String sylarlove.advance.controller.OrganizationController.getOrganization(java.lang.Long,org.springframework.ui.Model)
10:15:47.735 [localhost-startStop-1] INFO  o.s.w.s.m.m.a.RequestMappingHandlerMapping - Mapped "{[/organization/add],methods=[POST],params=[],headers=[],consumes=[],produces=[],custom=[]}" onto public java.util.Map<java.lang.String, java.lang.Object> sylarlove.advance.controller.OrganizationController.add(sylarlove.advance.model.main.Organization,org.springframework.validation.Errors)
10:15:47.735 [localhost-startStop-1] INFO  o.s.w.s.m.m.a.RequestMappingHandlerMapping - Mapped "{[/organization/delete],methods=[POST],params=[],headers=[],consumes=[],produces=[],custom=[]}" onto public java.util.Map<java.lang.String, java.lang.Object> sylarlove.advance.controller.OrganizationController.delete(java.lang.Long)
10:15:47.735 [localhost-startStop-1] INFO  o.s.w.s.m.m.a.RequestMappingHandlerMapping - Mapped "{[/organization/update],methods=[POST],params=[],headers=[],consumes=[],produces=[],custom=[]}" onto public java.util.Map<java.lang.String, java.lang.Object> sylarlove.advance.controller.OrganizationController.update(sylarlove.advance.model.main.Organization,org.springframework.validation.Errors)
10:15:47.735 [localhost-startStop-1] INFO  o.s.w.s.m.m.a.RequestMappingHandlerMapping - Mapped "{[/organization/getRoot],methods=[],params=[],headers=[],consumes=[],produces=[],custom=[]}" onto public sylarlove.advance.model.main.Organization sylarlove.advance.controller.OrganizationController.getRoot()
10:15:47.737 [localhost-startStop-1] INFO  o.s.w.s.m.m.a.RequestMappingHandlerMapping - Mapped "{[/user/add],methods=[POST],params=[],headers=[],consumes=[],produces=[],custom=[]}" onto public java.util.Map<java.lang.String, java.lang.Object> sylarlove.advance.controller.UserController.add(sylarlove.advance.model.main.User,org.springframework.validation.Errors)
10:15:47.737 [localhost-startStop-1] INFO  o.s.w.s.m.m.a.RequestMappingHandlerMapping - Mapped "{[/user/users || /user/ || /user],methods=[GET],params=[],headers=[],consumes=[],produces=[],custom=[]}" onto public java.lang.String sylarlove.advance.controller.UserController.list(org.springframework.ui.Model)
10:15:47.737 [localhost-startStop-1] INFO  o.s.w.s.m.m.a.RequestMappingHandlerMapping - Mapped "{[/user/delete],methods=[POST],params=[],headers=[],consumes=[],produces=[],custom=[]}" onto public java.util.Map<java.lang.String, java.lang.Object> sylarlove.advance.controller.UserController.delete(sylarlove.advance.model.main.User)
10:15:47.738 [localhost-startStop-1] INFO  o.s.w.s.m.m.a.RequestMappingHandlerMapping - Mapped "{[/user/update],methods=[POST],params=[],headers=[],consumes=[],produces=[],custom=[]}" onto public java.util.Map<java.lang.String, java.lang.Object> sylarlove.advance.controller.UserController.update(sylarlove.advance.model.main.User,org.springframework.validation.Errors)
10:15:47.739 [localhost-startStop-1] INFO  o.s.w.s.m.m.a.RequestMappingHandlerMapping - Mapped "{[/carType/add],methods=[POST],params=[],headers=[],consumes=[],produces=[],custom=[]}" onto public java.util.Map<java.lang.String, java.lang.Object> cn.huijin.vms.controller.CarTypeController.add(cn.huijin.vms.model.CarType,org.springframework.validation.Errors)
10:15:47.739 [localhost-startStop-1] INFO  o.s.w.s.m.m.a.RequestMappingHandlerMapping - Mapped "{[/carType/carTypes || /carType/ || /carType],methods=[GET],params=[],headers=[],consumes=[],produces=[],custom=[]}" onto public java.lang.String cn.huijin.vms.controller.CarTypeController.list(org.springframework.ui.Model)
10:15:47.739 [localhost-startStop-1] INFO  o.s.w.s.m.m.a.RequestMappingHandlerMapping - Mapped "{[/carType/delete],methods=[POST],params=[],headers=[],consumes=[],produces=[],custom=[]}" onto public java.util.Map<java.lang.String, java.lang.Object> cn.huijin.vms.controller.CarTypeController.delete(cn.huijin.vms.model.CarType)
10:15:47.739 [localhost-startStop-1] INFO  o.s.w.s.m.m.a.RequestMappingHandlerMapping - Mapped "{[/carType/update],methods=[POST],params=[],headers=[],consumes=[],produces=[],custom=[]}" onto public java.util.Map<java.lang.String, java.lang.Object> cn.huijin.vms.controller.CarTypeController.update(cn.huijin.vms.model.CarType,org.springframework.validation.Errors)
10:15:47.740 [localhost-startStop-1] INFO  o.s.w.s.m.m.a.RequestMappingHandlerMapping - Mapped "{[/dispatchCarForm/add],methods=[POST],params=[],headers=[],consumes=[],produces=[],custom=[]}" onto public java.util.Map<java.lang.String, java.lang.Object> cn.huijin.vms.controller.DispatchCarFormController.add(cn.huijin.vms.model.DispatchCarForm,org.springframework.validation.Errors)
10:15:47.740 [localhost-startStop-1] INFO  o.s.w.s.m.m.a.RequestMappingHandlerMapping - Mapped "{[/dispatchCarForm/dispatchCarForms || /dispatchCarForm/ || /dispatchCarForm],methods=[GET],params=[],headers=[],consumes=[],produces=[],custom=[]}" onto public java.lang.String cn.huijin.vms.controller.DispatchCarFormController.list(org.springframework.ui.Model)
10:15:47.742 [localhost-startStop-1] INFO  o.s.w.s.m.m.a.RequestMappingHandlerMapping - Mapped "{[/door/getReaders],methods=[],params=[],headers=[],consumes=[],produces=[],custom=[]}" onto public java.lang.String cn.huijin.vms.controller.DoorController.getReader(java.lang.Long,org.springframework.ui.Model)
10:15:47.742 [localhost-startStop-1] INFO  o.s.w.s.m.m.a.RequestMappingHandlerMapping - Mapped "{[/door/getControllers],methods=[],params=[],headers=[],consumes=[],produces=[],custom=[]}" onto public java.lang.String cn.huijin.vms.controller.DoorController.getController(java.lang.Long,org.springframework.ui.Model)
10:15:47.742 [localhost-startStop-1] INFO  o.s.w.s.m.m.a.RequestMappingHandlerMapping - Mapped "{[/door/add],methods=[POST],params=[],headers=[],consumes=[],produces=[],custom=[]}" onto public java.util.Map<java.lang.String, java.lang.Object> cn.huijin.vms.controller.DoorController.add(cn.huijin.vms.model.Door,org.springframework.validation.Errors,org.springframework.ui.Model)
10:15:47.743 [localhost-startStop-1] INFO  o.s.w.s.m.m.a.RequestMappingHandlerMapping - Mapped "{[/door/doors || /door/ || /door],methods=[GET],params=[],headers=[],consumes=[],produces=[],custom=[]}" onto public java.lang.String cn.huijin.vms.controller.DoorController.list(org.springframework.ui.Model)
10:15:47.743 [localhost-startStop-1] INFO  o.s.w.s.m.m.a.RequestMappingHandlerMapping - Mapped "{[/door/delete],methods=[POST],params=[],headers=[],consumes=[],produces=[],custom=[]}" onto public java.util.Map<java.lang.String, java.lang.Object> cn.huijin.vms.controller.DoorController.delete(cn.huijin.vms.model.Door)
10:15:47.743 [localhost-startStop-1] INFO  o.s.w.s.m.m.a.RequestMappingHandlerMapping - Mapped "{[/door/update],methods=[POST],params=[],headers=[],consumes=[],produces=[],custom=[]}" onto public java.util.Map<java.lang.String, java.lang.Object> cn.huijin.vms.controller.DoorController.update(cn.huijin.vms.model.Door,org.springframework.validation.Errors,org.springframework.ui.Model)
10:15:47.744 [localhost-startStop-1] INFO  o.s.w.s.m.m.a.RequestMappingHandlerMapping - Mapped "{[/innerCar/add],methods=[POST],params=[],headers=[],consumes=[],produces=[],custom=[]}" onto public java.util.Map<java.lang.String, java.lang.Object> cn.huijin.vms.controller.InnerCarController.add(cn.huijin.vms.model.InnerCar,org.springframework.validation.Errors)
10:15:47.745 [localhost-startStop-1] INFO  o.s.w.s.m.m.a.RequestMappingHandlerMapping - Mapped "{[/innerCar/innerCars || /innerCar/ || /innerCar],methods=[GET],params=[],headers=[],consumes=[],produces=[],custom=[]}" onto public java.lang.String cn.huijin.vms.controller.InnerCarController.list(org.springframework.ui.Model)
10:15:47.745 [localhost-startStop-1] INFO  o.s.w.s.m.m.a.RequestMappingHandlerMapping - Mapped "{[/innerCar/delete],methods=[POST],params=[],headers=[],consumes=[],produces=[],custom=[]}" onto public java.util.Map<java.lang.String, java.lang.Object> cn.huijin.vms.controller.InnerCarController.delete(cn.huijin.vms.model.InnerCar)
10:15:47.745 [localhost-startStop-1] INFO  o.s.w.s.m.m.a.RequestMappingHandlerMapping - Mapped "{[/innerCar/update],methods=[POST],params=[],headers=[],consumes=[],produces=[],custom=[]}" onto public java.util.Map<java.lang.String, java.lang.Object> cn.huijin.vms.controller.InnerCarController.update(cn.huijin.vms.model.InnerCar,org.springframework.validation.Errors)
10:15:47.746 [localhost-startStop-1] INFO  o.s.w.s.m.m.a.RequestMappingHandlerMapping - Mapped "{[/innerPerson/changeStatus/{id}],methods=[GET],params=[],headers=[],consumes=[],produces=[],custom=[]}" onto public java.lang.String cn.huijin.vms.controller.InnerPersonController.changeStatus(java.lang.Long)
10:15:47.746 [localhost-startStop-1] INFO  o.s.w.s.m.m.a.RequestMappingHandlerMapping - Mapped "{[/innerPerson/add],methods=[POST],params=[],headers=[],consumes=[],produces=[],custom=[]}" onto public java.util.Map<java.lang.String, java.lang.Object> cn.huijin.vms.controller.InnerPersonController.add(cn.huijin.vms.model.InnerPerson,org.springframework.validation.Errors,java.lang.String)
10:15:47.747 [localhost-startStop-1] INFO  o.s.w.s.m.m.a.RequestMappingHandlerMapping - Mapped "{[/innerPerson/innerPersons || /innerPerson/ || /innerPerson],methods=[GET],params=[],headers=[],consumes=[],produces=[],custom=[]}" onto public java.lang.String cn.huijin.vms.controller.InnerPersonController.list(org.springframework.ui.Model)
10:15:47.747 [localhost-startStop-1] INFO  o.s.w.s.m.m.a.RequestMappingHandlerMapping - Mapped "{[/innerPerson/delete],methods=[POST],params=[],headers=[],consumes=[],produces=[],custom=[]}" onto public java.util.Map<java.lang.String, java.lang.Object> cn.huijin.vms.controller.InnerPersonController.delete(cn.huijin.vms.model.InnerPerson)
10:15:47.747 [localhost-startStop-1] INFO  o.s.w.s.m.m.a.RequestMappingHandlerMapping - Mapped "{[/innerPerson/update],methods=[POST],params=[],headers=[],consumes=[],produces=[],custom=[]}" onto public java.util.Map<java.lang.String, java.lang.Object> cn.huijin.vms.controller.InnerPersonController.update(cn.huijin.vms.model.InnerPerson,org.springframework.validation.Errors,java.lang.String)
10:15:47.748 [localhost-startStop-1] INFO  o.s.w.s.m.m.a.RequestMappingHandlerMapping - Mapped "{[/leave/changeAgree],methods=[POST],params=[],headers=[],consumes=[],produces=[],custom=[]}" onto public java.util.Map<java.lang.String, java.lang.Object> cn.huijin.vms.controller.LeaveController.changeAgree(java.lang.Long)
10:15:47.748 [localhost-startStop-1] INFO  o.s.w.s.m.m.a.RequestMappingHandlerMapping - Mapped "{[/leave/add],methods=[POST],params=[],headers=[],consumes=[],produces=[],custom=[]}" onto public java.util.Map<java.lang.String, java.lang.Object> cn.huijin.vms.controller.LeaveController.add(cn.huijin.vms.model.Leave,org.springframework.validation.Errors)
10:15:47.749 [localhost-startStop-1] INFO  o.s.w.s.m.m.a.RequestMappingHandlerMapping - Mapped "{[/leave/leaves || /leave/ || /leave],methods=[GET],params=[],headers=[],consumes=[],produces=[],custom=[]}" onto public java.lang.String cn.huijin.vms.controller.LeaveController.list(org.springframework.ui.Model)
10:15:47.750 [localhost-startStop-1] INFO  o.s.w.s.m.m.a.RequestMappingHandlerMapping - Mapped "{[/notify/add],methods=[POST],params=[],headers=[],consumes=[],produces=[],custom=[]}" onto public java.util.Map<java.lang.String, java.lang.Object> cn.huijin.vms.controller.NotifyController.add(cn.huijin.vms.model.Notify,org.springframework.validation.Errors)
10:15:47.750 [localhost-startStop-1] INFO  o.s.w.s.m.m.a.RequestMappingHandlerMapping - Mapped "{[/notify/notifys || /notify/ || /notify],methods=[GET],params=[],headers=[],consumes=[],produces=[],custom=[]}" onto public java.lang.String cn.huijin.vms.controller.NotifyController.list(org.springframework.ui.Model)
10:15:47.750 [localhost-startStop-1] INFO  o.s.w.s.m.m.a.RequestMappingHandlerMapping - Mapped "{[/notify/delete],methods=[POST],params=[],headers=[],consumes=[],produces=[],custom=[]}" onto public java.util.Map<java.lang.String, java.lang.Object> cn.huijin.vms.controller.NotifyController.delete(cn.huijin.vms.model.Notify)
10:15:47.751 [localhost-startStop-1] INFO  o.s.w.s.m.m.a.RequestMappingHandlerMapping - Mapped "{[/notify/update],methods=[POST],params=[],headers=[],consumes=[],produces=[],custom=[]}" onto public java.util.Map<java.lang.String, java.lang.Object> cn.huijin.vms.controller.NotifyController.update(cn.huijin.vms.model.Notify,org.springframework.validation.Errors)
10:15:47.751 [localhost-startStop-1] INFO  o.s.w.s.m.m.a.RequestMappingHandlerMapping - Mapped "{[/record/innerPersonRecords],methods=[GET],params=[],headers=[],consumes=[],produces=[],custom=[]}" onto public java.lang.String cn.huijin.vms.controller.RecordController.listInnerPersonRecords(org.springframework.ui.Model)
10:15:47.752 [localhost-startStop-1] INFO  o.s.w.s.m.m.a.RequestMappingHandlerMapping - Mapped "{[/record/innerCarRecords],methods=[GET],params=[],headers=[],consumes=[],produces=[],custom=[]}" onto public java.lang.String cn.huijin.vms.controller.RecordController.listInnerCarRecords(org.springframework.ui.Model)
10:15:47.759 [localhost-startStop-1] INFO  o.h.v.e.r.DefaultTraversableResolver - Instantiated an instance of org.hibernate.validator.engine.resolver.JPATraversableResolver.
10:15:48.612 [localhost-startStop-1] INFO  o.s.w.s.h.SimpleUrlHandlerMapping - Mapped URL path [/**] onto handler 'org.springframework.web.servlet.resource.DefaultServletHttpRequestHandler#0'
10:15:48.615 [localhost-startStop-1] INFO  o.h.v.e.r.DefaultTraversableResolver - Instantiated an instance of org.hibernate.validator.engine.resolver.JPATraversableResolver.
10:15:48.670 [localhost-startStop-1] INFO  o.s.web.servlet.DispatcherServlet - FrameworkServlet 'springDispatcherServlet': initialization completed in 1183 ms
10:16:07.002 [http-bio-8090-exec-8] INFO  sylarlove.advance.realm.ShiroDbRealm - 超级管理员:武继明[admin]登陆了系统
11:55:28.277 [http-bio-8090-exec-9] INFO  sylarlove.advance.realm.ShiroDbRealm - 超级管理员:武继明[admin]登陆了系统
12:32:14.269 [http-bio-8090-exec-10] INFO  sylarlove.advance.realm.ShiroDbRealm - 超级管理员:武继明[admin]登陆了系统
15:09:49.347 [localhost-startStop-1] INFO  o.s.web.context.ContextLoader - Root WebApplicationContext: initialization started
15:09:49.449 [localhost-startStop-1] INFO  o.s.w.c.s.XmlWebApplicationContext - Refreshing Root WebApplicationContext: startup date [Sat Nov 23 15:09:49 CST 2013]; root of context hierarchy
15:09:49.520 [localhost-startStop-1] INFO  o.s.b.f.xml.XmlBeanDefinitionReader - Loading XML bean definitions from URL [file:/E:/myworkspace/advance/target/classes/applicationContext.xml]
15:09:49.826 [localhost-startStop-1] INFO  o.s.c.a.ClassPathBeanDefinitionScanner - JSR-330 'javax.inject.Named' annotation found and supported for component scanning
15:09:50.209 [localhost-startStop-1] INFO  o.s.b.f.xml.XmlBeanDefinitionReader - Loading XML bean definitions from URL [file:/E:/myworkspace/advance/target/classes/applicationContext-shiro.xml]
15:09:50.245 [localhost-startStop-1] INFO  o.s.b.f.s.DefaultListableBeanFactory - Overriding bean definition for bean 'shiroDbRealm': replacing [Generic bean: class [sylarlove.advance.realm.ShiroDbRealm]; scope=singleton; abstract=false; lazyInit=false; autowireMode=0; dependencyCheck=0; autowireCandidate=true; primary=false; factoryBeanName=null; factoryMethodName=null; initMethodName=null; destroyMethodName=null; defined in file [E:\myworkspace\advance\target\classes\sylarlove\advance\realm\ShiroDbRealm.class]] with [Generic bean: class [sylarlove.advance.realm.ShiroDbRealm]; scope=; abstract=false; lazyInit=true; autowireMode=0; dependencyCheck=0; autowireCandidate=true; primary=false; factoryBeanName=null; factoryMethodName=null; initMethodName=null; destroyMethodName=null; defined in URL [file:/E:/myworkspace/advance/target/classes/applicationContext-shiro.xml]]
15:09:50.246 [localhost-startStop-1] INFO  o.s.b.f.xml.XmlBeanDefinitionReader - Loading XML bean definitions from URL [file:/E:/myworkspace/advance/target/classes/applicationContext-sms.xml]
15:09:50.420 [localhost-startStop-1] INFO  o.s.c.s.PropertySourcesPlaceholderConfigurer - Loading properties file from URL [file:/E:/myworkspace/advance/target/classes/jdbc.properties]
15:09:50.437 [localhost-startStop-1] INFO  o.s.b.f.a.AutowiredAnnotationBeanPostProcessor - JSR-330 'javax.inject.Inject' annotation found and supported for autowiring
15:09:50.656 [localhost-startStop-1] INFO  o.s.w.c.s.XmlWebApplicationContext - Bean 'org.springframework.transaction.annotation.AnnotationTransactionAttributeSource#0' of type [class org.springframework.transaction.annotation.AnnotationTransactionAttributeSource] is not eligible for getting processed by all BeanPostProcessors (for example: not eligible for auto-proxying)
15:09:50.658 [localhost-startStop-1] INFO  o.s.w.c.s.XmlWebApplicationContext - Bean 'org.springframework.transaction.config.internalTransactionAdvisor' of type [class org.springframework.transaction.interceptor.BeanFactoryTransactionAttributeSourceAdvisor] is not eligible for getting processed by all BeanPostProcessors (for example: not eligible for auto-proxying)
15:09:50.691 [localhost-startStop-1] INFO  o.s.w.c.s.XmlWebApplicationContext - Bean '(inner bean)' of type [class org.springframework.beans.factory.config.PropertiesFactoryBean] is not eligible for getting processed by all BeanPostProcessors (for example: not eligible for auto-proxying)
15:09:50.691 [localhost-startStop-1] INFO  o.s.w.c.s.XmlWebApplicationContext - Bean '(inner bean)' of type [class java.util.Properties] is not eligible for getting processed by all BeanPostProcessors (for example: not eligible for auto-proxying)
15:09:50.700 [localhost-startStop-1] INFO  o.s.w.c.s.XmlWebApplicationContext - Bean '(inner bean)' of type [class org.springframework.data.repository.core.support.PropertiesBasedNamedQueries] is not eligible for getting processed by all BeanPostProcessors (for example: not eligible for auto-proxying)
15:09:50.949 [localhost-startStop-1] INFO  com.mchange.v2.log.MLog - MLog clients using log4j logging.
15:09:51.127 [localhost-startStop-1] INFO  com.mchange.v2.c3p0.C3P0Registry - Initializing c3p0-0.9.2.1 [built 20-March-2013 10:47:27 +0000; debug? true; trace: 10]
15:09:51.429 [localhost-startStop-1] INFO  o.s.w.c.s.XmlWebApplicationContext - Bean 'dataSource' of type [class com.mchange.v2.c3p0.ComboPooledDataSource] is not eligible for getting processed by all BeanPostProcessors (for example: not eligible for auto-proxying)
15:09:51.511 [localhost-startStop-1] INFO  o.s.w.c.s.XmlWebApplicationContext - Bean 'hibernateJpaVendorAdapter' of type [class org.springframework.orm.jpa.vendor.HibernateJpaVendorAdapter] is not eligible for getting processed by all BeanPostProcessors (for example: not eligible for auto-proxying)
15:09:51.542 [localhost-startStop-1] INFO  o.s.o.j.LocalContainerEntityManagerFactoryBean - Building JPA container EntityManagerFactory for persistence unit 'default'
15:09:52.121 [localhost-startStop-1] INFO  o.h.annotations.common.Version - HCANN000001: Hibernate Commons Annotations {4.0.2.Final}
15:09:52.129 [localhost-startStop-1] INFO  org.hibernate.Version - HHH000412: Hibernate Core {4.2.6.Final}
15:09:52.140 [localhost-startStop-1] INFO  org.hibernate.cfg.Environment - HHH000206: hibernate.properties not found
15:09:52.142 [localhost-startStop-1] INFO  org.hibernate.cfg.Environment - HHH000021: Bytecode provider name : javassist
15:09:52.188 [localhost-startStop-1] INFO  org.hibernate.ejb.Ejb3Configuration - HHH000204: Processing PersistenceUnitInfo [
	name: default
	...]
15:09:52.600 [localhost-startStop-1] INFO  o.h.s.j.c.i.ConnectionProviderInitiator - HHH000130: Instantiating explicit connection provider: org.hibernate.ejb.connection.InjectedDataSourceConnectionProvider
15:09:52.682 [localhost-startStop-1] INFO  c.m.v.c.i.AbstractPoolBackedDataSource - Initializing c3p0 pool... com.mchange.v2.c3p0.ComboPooledDataSource [ acquireIncrement -> 3, acquireRetryAttempts -> 30, acquireRetryDelay -> 1000, autoCommitOnClose -> false, automaticTestTable -> null, breakAfterAcquireFailure -> false, checkoutTimeout -> 0, connectionCustomizerClassName -> null, connectionTesterClassName -> com.mchange.v2.c3p0.impl.DefaultConnectionTester, dataSourceName -> 1hge0yz8y10kg0i812g8hol|12d195, debugUnreturnedConnectionStackTraces -> false, description -> null, driverClass -> com.mysql.jdbc.Driver, factoryClassLocation -> null, forceIgnoreUnresolvedTransactions -> false, identityToken -> 1hge0yz8y10kg0i812g8hol|12d195, idleConnectionTestPeriod -> 0, initialPoolSize -> 3, jdbcUrl -> jdbc:mysql://localhost:3306/advance?characterEncoding=UTF-8, maxAdministrativeTaskTime -> 0, maxConnectionAge -> 0, maxIdleTime -> 0, maxIdleTimeExcessConnections -> 0, maxPoolSize -> 10, maxStatements -> 0, maxStatementsPerConnection -> 0, minPoolSize -> 1, numHelperThreads -> 3, preferredTestQuery -> null, properties -> {user=******, password=******}, propertyCycle -> 0, statementCacheNumDeferredCloseThreads -> 0, testConnectionOnCheckin -> false, testConnectionOnCheckout -> false, unreturnedConnectionTimeout -> 0, userOverrides -> {}, usesTraditionalReflectiveProxies -> false ]
15:09:55.064 [localhost-startStop-1] INFO  org.hibernate.dialect.Dialect - HHH000400: Using dialect: org.hibernate.dialect.MySQL5InnoDBDialect
15:09:55.083 [localhost-startStop-1] INFO  o.h.e.j.internal.LobCreatorBuilder - HHH000423: Disabling contextual LOB creation as JDBC driver reported JDBC version [3] less than 4
15:09:55.361 [localhost-startStop-1] INFO  o.h.e.t.i.TransactionFactoryInitiator - HHH000268: Transaction strategy: org.hibernate.engine.transaction.internal.jdbc.JdbcTransactionFactory
15:09:55.380 [localhost-startStop-1] INFO  o.h.h.i.a.ASTQueryTranslatorFactory - HHH000397: Using ASTQueryTranslatorFactory
15:09:55.540 [localhost-startStop-1] INFO  o.h.cache.spi.UpdateTimestampsCache - HHH000250: Starting update timestamps cache at region: org.hibernate.cache.spi.UpdateTimestampsCache
15:09:55.543 [localhost-startStop-1] WARN  o.h.c.e.AbstractEhcacheRegionFactory - HHH020003: Could not find a specific ehcache configuration for cache named [org.hibernate.cache.spi.UpdateTimestampsCache]; using defaults.
15:09:55.668 [localhost-startStop-1] INFO  o.h.c.internal.StandardQueryCache - HHH000248: Starting query cache at region: org.hibernate.cache.internal.StandardQueryCache
15:09:55.669 [localhost-startStop-1] WARN  o.h.c.e.AbstractEhcacheRegionFactory - HHH020003: Could not find a specific ehcache configuration for cache named [org.hibernate.cache.internal.StandardQueryCache]; using defaults.
15:09:55.856 [localhost-startStop-1] INFO  org.hibernate.validator.util.Version - Hibernate Validator 4.1.0.Final
15:09:55.879 [localhost-startStop-1] INFO  o.h.v.e.r.DefaultTraversableResolver - Instantiated an instance of org.hibernate.validator.engine.resolver.JPATraversableResolver.
15:09:55.913 [localhost-startStop-1] INFO  o.h.v.e.r.DefaultTraversableResolver - Instantiated an instance of org.hibernate.validator.engine.resolver.JPATraversableResolver.
15:09:56.346 [localhost-startStop-1] WARN  o.h.c.e.AbstractEhcacheRegionFactory - HHH020003: Could not find a specific ehcache configuration for cache named [sylarlove.advance.model.main]; using defaults.
15:09:56.595 [localhost-startStop-1] INFO  o.h.tool.hbm2ddl.SchemaUpdate - HHH000228: Running hbm2ddl schema update
15:09:56.595 [localhost-startStop-1] INFO  o.h.tool.hbm2ddl.SchemaUpdate - HHH000102: Fetching database metadata
15:09:56.599 [localhost-startStop-1] INFO  o.h.tool.hbm2ddl.SchemaUpdate - HHH000396: Updating schema
15:09:57.496 [localhost-startStop-1] INFO  o.h.tool.hbm2ddl.TableMetadata - HHH000261: Table found: advance.sa_t_organization
15:09:57.497 [localhost-startStop-1] INFO  o.h.tool.hbm2ddl.TableMetadata - HHH000037: Columns: [id, index, name, parent_id]
15:09:57.497 [localhost-startStop-1] INFO  o.h.tool.hbm2ddl.TableMetadata - HHH000108: Foreign keys: [fk_k8ujwspl3j59b9jf525q8wjsm]
15:09:57.497 [localhost-startStop-1] INFO  o.h.tool.hbm2ddl.TableMetadata - HHH000126: Indexes: [fk_k8ujwspl3j59b9jf525q8wjsm, primary]
15:09:57.632 [localhost-startStop-1] INFO  o.h.tool.hbm2ddl.TableMetadata - HHH000261: Table found: advance.sa_t_permission
15:09:57.633 [localhost-startStop-1] INFO  o.h.tool.hbm2ddl.TableMetadata - HHH000037: Columns: [id, sn, name]
15:09:57.633 [localhost-startStop-1] INFO  o.h.tool.hbm2ddl.TableMetadata - HHH000108: Foreign keys: []
15:09:57.633 [localhost-startStop-1] INFO  o.h.tool.hbm2ddl.TableMetadata - HHH000126: Indexes: [primary]
15:09:57.747 [localhost-startStop-1] INFO  o.h.tool.hbm2ddl.TableMetadata - HHH000261: Table found: advance.sa_t_role
15:09:57.747 [localhost-startStop-1] INFO  o.h.tool.hbm2ddl.TableMetadata - HHH000037: Columns: [id, sn, name]
15:09:57.747 [localhost-startStop-1] INFO  o.h.tool.hbm2ddl.TableMetadata - HHH000108: Foreign keys: []
15:09:57.747 [localhost-startStop-1] INFO  o.h.tool.hbm2ddl.TableMetadata - HHH000126: Indexes: [primary]
15:09:57.866 [localhost-startStop-1] INFO  o.h.tool.hbm2ddl.TableMetadata - HHH000261: Table found: advance.sa_t_role_sa_t_permission
15:09:57.866 [localhost-startStop-1] INFO  o.h.tool.hbm2ddl.TableMetadata - HHH000037: Columns: [sa_t_role_id, permissions_id]
15:09:57.866 [localhost-startStop-1] INFO  o.h.tool.hbm2ddl.TableMetadata - HHH000108: Foreign keys: [fk_p4gfp08s3phx9uh31t5emggex, fk_e8ss406inge70m3q01q0kvjlv]
15:09:57.866 [localhost-startStop-1] INFO  o.h.tool.hbm2ddl.TableMetadata - HHH000126: Indexes: [fk_p4gfp08s3phx9uh31t5emggex, fk_e8ss406inge70m3q01q0kvjlv]
15:09:57.906 [localhost-startStop-1] INFO  o.h.tool.hbm2ddl.TableMetadata - HHH000261: Table found: advance.sa_t_user
15:09:57.906 [localhost-startStop-1] INFO  o.h.tool.hbm2ddl.TableMetadata - HHH000037: Columns: [id, username, phone, status, email, organization_id, create_time, realname, password]
15:09:57.906 [localhost-startStop-1] INFO  o.h.tool.hbm2ddl.TableMetadata - HHH000108: Foreign keys: [fk_sy1r7u3vmw0vk9vc5luc3p0ks]
15:09:57.906 [localhost-startStop-1] INFO  o.h.tool.hbm2ddl.TableMetadata - HHH000126: Indexes: [primary, fk_sy1r7u3vmw0vk9vc5luc3p0ks, uk_j0juytie7lblr8wdok1pkbap1]
15:09:57.977 [localhost-startStop-1] INFO  o.h.tool.hbm2ddl.TableMetadata - HHH000261: Table found: advance.sa_t_user_sa_t_role
15:09:57.978 [localhost-startStop-1] INFO  o.h.tool.hbm2ddl.TableMetadata - HHH000037: Columns: [sa_t_user_id, roles_id]
15:09:57.978 [localhost-startStop-1] INFO  o.h.tool.hbm2ddl.TableMetadata - HHH000108: Foreign keys: [fk_d25962c8fwqmwea09r5cvs486, fk_li4mqqv6o717jed0hxq1c8lsh]
15:09:57.978 [localhost-startStop-1] INFO  o.h.tool.hbm2ddl.TableMetadata - HHH000126: Indexes: [fk_d25962c8fwqmwea09r5cvs486, fk_li4mqqv6o717jed0hxq1c8lsh]
15:09:58.051 [localhost-startStop-1] INFO  o.h.tool.hbm2ddl.TableMetadata - HHH000261: Table found: advance.t_car_type
15:09:58.052 [localhost-startStop-1] INFO  o.h.tool.hbm2ddl.TableMetadata - HHH000037: Columns: [id, name]
15:09:58.052 [localhost-startStop-1] INFO  o.h.tool.hbm2ddl.TableMetadata - HHH000108: Foreign keys: []
15:09:58.052 [localhost-startStop-1] INFO  o.h.tool.hbm2ddl.TableMetadata - HHH000126: Indexes: [primary, uk_dltbu6u5nix3wep1wpofwktwe]
15:09:58.109 [localhost-startStop-1] INFO  o.h.tool.hbm2ddl.TableMetadata - HHH000261: Table found: advance.t_card
15:09:58.109 [localhost-startStop-1] INFO  o.h.tool.hbm2ddl.TableMetadata - HHH000037: Columns: [cardtype, id, number]
15:09:58.109 [localhost-startStop-1] INFO  o.h.tool.hbm2ddl.TableMetadata - HHH000108: Foreign keys: []
15:09:58.109 [localhost-startStop-1] INFO  o.h.tool.hbm2ddl.TableMetadata - HHH000126: Indexes: [primary, uk_fv3muenbn114v89v47h4562m4]
15:09:58.163 [localhost-startStop-1] INFO  o.h.tool.hbm2ddl.TableMetadata - HHH000261: Table found: advance.t_controller
15:09:58.163 [localhost-startStop-1] INFO  o.h.tool.hbm2ddl.TableMetadata - HHH000037: Columns: [id, sn, door_id, ip]
15:09:58.163 [localhost-startStop-1] INFO  o.h.tool.hbm2ddl.TableMetadata - HHH000108: Foreign keys: [fk_1irrnet40nfb8v9ab0eenou6c]
15:09:58.163 [localhost-startStop-1] INFO  o.h.tool.hbm2ddl.TableMetadata - HHH000126: Indexes: [uk_opfyxopyoptth2rd0qagwf4qg, fk_1irrnet40nfb8v9ab0eenou6c, primary]
15:09:58.357 [localhost-startStop-1] INFO  o.h.tool.hbm2ddl.TableMetadata - HHH000261: Table found: advance.t_dispatch_car_form
15:09:58.357 [localhost-startStop-1] INFO  o.h.tool.hbm2ddl.TableMetadata - HHH000037: Columns: [car_id, reason, line, id, carmanager, approve_time, end_time, approveperson, create_time, target, start_time, driver, user, agree]
15:09:58.358 [localhost-startStop-1] INFO  o.h.tool.hbm2ddl.TableMetadata - HHH000108: Foreign keys: []
15:09:58.358 [localhost-startStop-1] INFO  o.h.tool.hbm2ddl.TableMetadata - HHH000126: Indexes: [primary]
15:09:58.541 [localhost-startStop-1] INFO  o.h.tool.hbm2ddl.TableMetadata - HHH000261: Table found: advance.t_door
15:09:58.541 [localhost-startStop-1] INFO  o.h.tool.hbm2ddl.TableMetadata - HHH000037: Columns: [id, organization_id, name]
15:09:58.541 [localhost-startStop-1] INFO  o.h.tool.hbm2ddl.TableMetadata - HHH000108: Foreign keys: [fk_mptuyuunm1nl4bvv7yy7nadx4]
15:09:58.542 [localhost-startStop-1] INFO  o.h.tool.hbm2ddl.TableMetadata - HHH000126: Indexes: [primary, fk_mptuyuunm1nl4bvv7yy7nadx4]
15:09:58.928 [localhost-startStop-1] INFO  o.h.tool.hbm2ddl.TableMetadata - HHH000261: Table found: advance.t_inner_car
15:09:58.928 [localhost-startStop-1] INFO  o.h.tool.hbm2ddl.TableMetadata - HHH000037: Columns: [id, level, car_id, status, organization_id, create_time, user_id, car_type_id, notify_id, license]
15:09:58.928 [localhost-startStop-1] INFO  o.h.tool.hbm2ddl.TableMetadata - HHH000108: Foreign keys: [fk_pytwejsmdx5albd6ie21dm9jm, fk_ktrss9ywxhbs6h0v9y7vqwx2h, fk_6ukb7qmicayhc07uo0q56lyw4, fk_7x2t8uhtbj0ae6atxqgjyjkng, fk_2cbg0se1aiwf3raqv7kkxjcoj]
15:09:58.929 [localhost-startStop-1] INFO  o.h.tool.hbm2ddl.TableMetadata - HHH000126: Indexes: [fk_pytwejsmdx5albd6ie21dm9jm, fk_ktrss9ywxhbs6h0v9y7vqwx2h, fk_6ukb7qmicayhc07uo0q56lyw4, primary, fk_7x2t8uhtbj0ae6atxqgjyjkng, uk_r4sdxtyvfsonf9g1owhsjho0q, fk_2cbg0se1aiwf3raqv7kkxjcoj]
15:09:58.986 [localhost-startStop-1] INFO  o.h.tool.hbm2ddl.TableMetadata - HHH000261: Table found: advance.t_inner_car_record
15:09:58.986 [localhost-startStop-1] INFO  o.h.tool.hbm2ddl.TableMetadata - HHH000037: Columns: [id, car_id, status, form_id, door_id, type, date]
15:09:58.986 [localhost-startStop-1] INFO  o.h.tool.hbm2ddl.TableMetadata - HHH000108: Foreign keys: [fk_h8n0j2t00bl9aogu9s0o9vofj, fk_73p60c5y1aq7bhuqy8x45dfjy]
15:09:58.986 [localhost-startStop-1] INFO  o.h.tool.hbm2ddl.TableMetadata - HHH000126: Indexes: [fk_h8n0j2t00bl9aogu9s0o9vofj, fk_73p60c5y1aq7bhuqy8x45dfjy, primary]
15:09:59.066 [localhost-startStop-1] INFO  o.h.tool.hbm2ddl.TableMetadata - HHH000261: Table found: advance.t_inner_person
15:09:59.066 [localhost-startStop-1] INFO  o.h.tool.hbm2ddl.TableMetadata - HHH000037: Columns: [id, phone, certificate, sex, status, organization_id, name, create_time, notify_id, card_id]
15:09:59.066 [localhost-startStop-1] INFO  o.h.tool.hbm2ddl.TableMetadata - HHH000108: Foreign keys: [fk_ksrogfeueidd2ka96nhugnmw3, fk_d2lihx1sh8e4huo15g9aof8fx, fk_7ia9p7s8q6y96nm6mf1t7bd7v]
15:09:59.067 [localhost-startStop-1] INFO  o.h.tool.hbm2ddl.TableMetadata - HHH000126: Indexes: [uk_sbxlbxcw14u1q4j7gp3uwg2eo, fk_7ia9p7s8q6y96nm6mf1t7bd7v, fk_ksrogfeueidd2ka96nhugnmw3, fk_d2lihx1sh8e4huo15g9aof8fx, primary]
15:09:59.118 [localhost-startStop-1] INFO  o.h.tool.hbm2ddl.TableMetadata - HHH000261: Table found: advance.t_inner_person_record
15:09:59.118 [localhost-startStop-1] INFO  o.h.tool.hbm2ddl.TableMetadata - HHH000037: Columns: [id, person_id, status, leave_id, door_id, type, date]
15:09:59.118 [localhost-startStop-1] INFO  o.h.tool.hbm2ddl.TableMetadata - HHH000108: Foreign keys: [fk_r0e079u7lsicwjpgknujloiv9, fk_11q8b7yi54hpn5wyvy61b4i2n]
15:09:59.118 [localhost-startStop-1] INFO  o.h.tool.hbm2ddl.TableMetadata - HHH000126: Indexes: [fk_r0e079u7lsicwjpgknujloiv9, primary, fk_11q8b7yi54hpn5wyvy61b4i2n]
15:09:59.173 [localhost-startStop-1] INFO  o.h.tool.hbm2ddl.TableMetadata - HHH000261: Table found: advance.t_inner_person_sa_t_user
15:09:59.174 [localhost-startStop-1] INFO  o.h.tool.hbm2ddl.TableMetadata - HHH000037: Columns: [t_inner_person_id, users_id]
15:09:59.174 [localhost-startStop-1] INFO  o.h.tool.hbm2ddl.TableMetadata - HHH000108: Foreign keys: [fk_rho5nkus18o0c4898rmqqgdfl, fk_chlv6m9wekv4jx3u6wkejvepg]
15:09:59.174 [localhost-startStop-1] INFO  o.h.tool.hbm2ddl.TableMetadata - HHH000126: Indexes: [fk_rho5nkus18o0c4898rmqqgdfl, fk_chlv6m9wekv4jx3u6wkejvepg]
15:09:59.203 [localhost-startStop-1] INFO  o.h.tool.hbm2ddl.TableMetadata - HHH000261: Table found: advance.t_leave
15:09:59.203 [localhost-startStop-1] INFO  o.h.tool.hbm2ddl.TableMetadata - HHH000037: Columns: [id, person_id, remark, reason, end_time, approve_time, approveperson, create_time, start_time, agree]
15:09:59.204 [localhost-startStop-1] INFO  o.h.tool.hbm2ddl.TableMetadata - HHH000108: Foreign keys: [fk_4lqjos9mr7yopxnuhvqiamkf9]
15:09:59.204 [localhost-startStop-1] INFO  o.h.tool.hbm2ddl.TableMetadata - HHH000126: Indexes: [primary, fk_4lqjos9mr7yopxnuhvqiamkf9]
15:09:59.219 [localhost-startStop-1] INFO  o.h.tool.hbm2ddl.TableMetadata - HHH000261: Table found: advance.t_notify
15:09:59.220 [localhost-startStop-1] INFO  o.h.tool.hbm2ddl.TableMetadata - HHH000037: Columns: [endtime, id, starttime, name]
15:09:59.220 [localhost-startStop-1] INFO  o.h.tool.hbm2ddl.TableMetadata - HHH000108: Foreign keys: []
15:09:59.220 [localhost-startStop-1] INFO  o.h.tool.hbm2ddl.TableMetadata - HHH000126: Indexes: [primary, uk_ex15o63s1f48u6qodwrn39ofy]
15:09:59.244 [localhost-startStop-1] INFO  o.h.tool.hbm2ddl.TableMetadata - HHH000261: Table found: advance.t_outer_car
15:09:59.244 [localhost-startStop-1] INFO  o.h.tool.hbm2ddl.TableMetadata - HHH000037: Columns: [id, car_id, status, create_time, license]
15:09:59.245 [localhost-startStop-1] INFO  o.h.tool.hbm2ddl.TableMetadata - HHH000108: Foreign keys: [fk_kwelwsfr6gd7b6vmwbw0x1ov2]
15:09:59.245 [localhost-startStop-1] INFO  o.h.tool.hbm2ddl.TableMetadata - HHH000126: Indexes: [uk_9dmq5oxvipoiof5d646xvy1b2, primary, fk_kwelwsfr6gd7b6vmwbw0x1ov2]
15:09:59.330 [localhost-startStop-1] INFO  o.h.tool.hbm2ddl.TableMetadata - HHH000261: Table found: advance.t_outer_person
15:09:59.330 [localhost-startStop-1] INFO  o.h.tool.hbm2ddl.TableMetadata - HHH000037: Columns: [id, phone, sex, status, name, create_time, card_id]
15:09:59.331 [localhost-startStop-1] INFO  o.h.tool.hbm2ddl.TableMetadata - HHH000108: Foreign keys: [fk_pugojeiwngr3g5ga5sjlj6kd7]
15:09:59.331 [localhost-startStop-1] INFO  o.h.tool.hbm2ddl.TableMetadata - HHH000126: Indexes: [fk_pugojeiwngr3g5ga5sjlj6kd7, uk_b04s2pvej5dfgr2i5b9yyaed4, primary]
15:09:59.422 [localhost-startStop-1] INFO  o.h.tool.hbm2ddl.TableMetadata - HHH000261: Table found: advance.t_reader
15:09:59.422 [localhost-startStop-1] INFO  o.h.tool.hbm2ddl.TableMetadata - HHH000037: Columns: [id, gate_number, number, type, controle_id]
15:09:59.422 [localhost-startStop-1] INFO  o.h.tool.hbm2ddl.TableMetadata - HHH000108: Foreign keys: [fk_bxq69cf23sfqqsrjlidwwuist]
15:09:59.422 [localhost-startStop-1] INFO  o.h.tool.hbm2ddl.TableMetadata - HHH000126: Indexes: [fk_bxq69cf23sfqqsrjlidwwuist, primary]
15:09:59.453 [localhost-startStop-1] INFO  o.h.tool.hbm2ddl.TableMetadata - HHH000261: Table found: advance.hibernate_sequences
15:09:59.453 [localhost-startStop-1] INFO  o.h.tool.hbm2ddl.TableMetadata - HHH000037: Columns: [sequence_next_hi_value, sequence_name]
15:09:59.453 [localhost-startStop-1] INFO  o.h.tool.hbm2ddl.TableMetadata - HHH000108: Foreign keys: []
15:09:59.453 [localhost-startStop-1] INFO  o.h.tool.hbm2ddl.TableMetadata - HHH000126: Indexes: []
15:09:59.453 [localhost-startStop-1] INFO  o.h.tool.hbm2ddl.SchemaUpdate - HHH000232: Schema update complete
15:09:59.553 [localhost-startStop-1] INFO  o.s.w.c.s.XmlWebApplicationContext - Bean 'entityManagerFactory' of type [class org.springframework.orm.jpa.LocalContainerEntityManagerFactoryBean] is not eligible for getting processed by all BeanPostProcessors (for example: not eligible for auto-proxying)
15:09:59.554 [localhost-startStop-1] INFO  o.s.w.c.s.XmlWebApplicationContext - Bean 'entityManagerFactory' of type [class com.sun.proxy.$Proxy58] is not eligible for getting processed by all BeanPostProcessors (for example: not eligible for auto-proxying)
15:09:59.579 [localhost-startStop-1] INFO  o.s.w.c.s.XmlWebApplicationContext - Bean '(inner bean)#1' of type [class com.sun.proxy.$Proxy60] is not eligible for getting processed by all BeanPostProcessors (for example: not eligible for auto-proxying)
15:09:59.820 [localhost-startStop-1] INFO  o.s.w.c.s.XmlWebApplicationContext - Bean 'userDao' of type [class org.springframework.data.jpa.repository.support.JpaRepositoryFactoryBean] is not eligible for getting processed by all BeanPostProcessors (for example: not eligible for auto-proxying)
15:09:59.890 [localhost-startStop-1] INFO  o.s.w.c.s.XmlWebApplicationContext - Bean 'userDao' of type [class com.sun.proxy.$Proxy61] is not eligible for getting processed by all BeanPostProcessors (for example: not eligible for auto-proxying)
15:09:59.892 [localhost-startStop-1] INFO  o.s.w.c.s.XmlWebApplicationContext - Bean 'userService' of type [class sylarlove.advance.service.UserService] is not eligible for getting processed by all BeanPostProcessors (for example: not eligible for auto-proxying)
15:09:59.902 [localhost-startStop-1] INFO  o.a.shiro.realm.AuthorizingRealm - No cache or cacheManager properties have been set.  Authorization cache cannot be obtained.
15:09:59.903 [localhost-startStop-1] INFO  o.s.w.c.s.XmlWebApplicationContext - Bean 'shiroDbRealm' of type [class sylarlove.advance.realm.ShiroDbRealm] is not eligible for getting processed by all BeanPostProcessors (for example: not eligible for auto-proxying)
15:09:59.917 [localhost-startStop-1] INFO  o.s.w.c.s.XmlWebApplicationContext - Bean 'shiroEhcacheManager' of type [class org.apache.shiro.cache.ehcache.EhCacheManager] is not eligible for getting processed by all BeanPostProcessors (for example: not eligible for auto-proxying)
15:09:59.919 [localhost-startStop-1] INFO  o.a.s.cache.ehcache.EhCacheManager - Cache with name 'shiroDbRealm.authorizationCache' does not yet exist.  Creating now.
15:09:59.925 [localhost-startStop-1] INFO  o.a.s.cache.ehcache.EhCacheManager - Added EhCache named [shiroDbRealm.authorizationCache]
15:09:59.932 [localhost-startStop-1] INFO  o.s.w.c.s.XmlWebApplicationContext - Bean 'securityManager' of type [class org.apache.shiro.web.mgt.DefaultWebSecurityManager] is not eligible for getting processed by all BeanPostProcessors (for example: not eligible for auto-proxying)
15:09:59.963 [localhost-startStop-1] INFO  o.s.b.f.s.DefaultListableBeanFactory - Pre-instantiating singletons in org.springframework.beans.factory.support.DefaultListableBeanFactory@19a25d1: defining beans [shiroDbRealm,organizationService,userService,carTypeService,controllerService,dispatchCarFormService,doorService,innerCarService,innerPersonService,leaveService,myRecordService,notifyService,recordServiceEndpoint,org.springframework.context.annotation.internalConfigurationAnnotationProcessor,org.springframework.context.annotation.internalAutowiredAnnotationProcessor,org.springframework.context.annotation.internalRequiredAnnotationProcessor,org.springframework.context.annotation.internalCommonAnnotationProcessor,org.springframework.context.annotation.internalPersistenceAnnotationProcessor,org.springframework.context.support.PropertySourcesPlaceholderConfigurer#0,dataSource,entityManagerFactory,hibernateJpaVendorAdapter,transactionManager,org.springframework.aop.config.internalAutoProxyCreator,org.springframework.transaction.annotation.AnnotationTransactionAttributeSource#0,org.springframework.transaction.interceptor.TransactionInterceptor#0,org.springframework.transaction.config.internalTransactionAdvisor,innerCarRecordDao,carTypeDao,innerPersonRecordDao,leaveDao,cardDao,dispatchCarFormDao,doorDao,readerDao,notifyDao,innerCarDao,userDao,organizationDao,controllerDao,innerPersonDao,org.springframework.data.repository.core.support.RepositoryInterfaceAwareBeanPostProcessor#0,securityManager,shiroFilter,shiroEhcacheManager,lifecycleBeanPostProcessor,sylarlove.advance.moudle.sms.SmsService#0,org.springframework.context.annotation.ConfigurationClassPostProcessor.importAwareProcessor]; root of factory hierarchy
15:10:00.408 [localhost-startStop-1] INFO  s.advance.moudle.sms.SmsService - 没有找到短信猫设备
15:10:00.504 [localhost-startStop-1] INFO  o.s.web.context.ContextLoader - Root WebApplicationContext: initialization completed in 11133 ms
15:10:00.504 [localhost-startStop-1] INFO  s.a.m.s.w.l.SmsLifecycleListener - 短信服务生命周期监听器初始化。
15:10:00.553 [localhost-startStop-1] INFO  o.s.w.t.h.MessageDispatcherServlet - FrameworkServlet 'spring-ws': initialization started
15:10:00.557 [localhost-startStop-1] INFO  o.s.w.c.s.XmlWebApplicationContext - Refreshing WebApplicationContext for namespace 'spring-ws-servlet': startup date [Sat Nov 23 15:10:00 CST 2013]; parent: Root WebApplicationContext
15:10:00.558 [localhost-startStop-1] INFO  o.s.b.f.xml.XmlBeanDefinitionReader - Loading XML bean definitions from ServletContext resource [/WEB-INF/spring-ws-servlet.xml]
15:10:00.598 [localhost-startStop-1] INFO  o.s.c.a.ClassPathBeanDefinitionScanner - JSR-330 'javax.inject.Named' annotation found and supported for component scanning
15:10:00.659 [localhost-startStop-1] INFO  o.s.b.f.a.AutowiredAnnotationBeanPostProcessor - JSR-330 'javax.inject.Inject' annotation found and supported for autowiring
15:10:00.728 [localhost-startStop-1] INFO  o.s.w.s.a.s.AnnotationActionEndpointMapping - Supporting [WS-Addressing August 2004, WS-Addressing 1.0]
15:10:00.730 [localhost-startStop-1] INFO  o.s.b.f.s.DefaultListableBeanFactory - Pre-instantiating singletons in org.springframework.beans.factory.support.DefaultListableBeanFactory@a444a1: defining beans [recordServiceEndpoint,org.springframework.context.annotation.internalConfigurationAnnotationProcessor,org.springframework.context.annotation.internalAutowiredAnnotationProcessor,org.springframework.context.annotation.internalRequiredAnnotationProcessor,org.springframework.context.annotation.internalCommonAnnotationProcessor,org.springframework.context.annotation.internalPersistenceAnnotationProcessor,org.springframework.ws.server.endpoint.mapping.PayloadRootAnnotationMethodEndpointMapping#0,org.springframework.ws.soap.server.endpoint.mapping.SoapActionAnnotationMethodEndpointMapping#0,org.springframework.ws.soap.addressing.server.AnnotationActionEndpointMapping#0,org.springframework.ws.server.endpoint.adapter.method.dom.DomPayloadMethodProcessor#0,org.springframework.ws.server.endpoint.adapter.method.SourcePayloadMethodProcessor#0,org.springframework.ws.server.endpoint.adapter.method.dom.Dom4jPayloadMethodProcessor#0,org.springframework.ws.server.endpoint.adapter.method.jaxb.XmlRootElementPayloadMethodProcessor#0,org.springframework.ws.server.endpoint.adapter.method.jaxb.JaxbElementPayloadMethodProcessor#0,org.springframework.ws.server.endpoint.adapter.method.dom.XomPayloadMethodProcessor#0,org.springframework.ws.server.endpoint.adapter.DefaultMethodEndpointAdapter#0,org.springframework.ws.soap.server.endpoint.SoapFaultAnnotationExceptionResolver#0,org.springframework.ws.soap.server.endpoint.SimpleSoapExceptionResolver#0,org.springframework.xml.xsd.SimpleXsdSchema#0,record,org.springframework.context.annotation.ConfigurationClassPostProcessor.importAwareProcessor]; parent: org.springframework.beans.factory.support.DefaultListableBeanFactory@19a25d1
15:10:01.032 [localhost-startStop-1] INFO  o.s.w.s.saaj.SaajSoapMessageFactory - Creating SAAJ 1.3 MessageFactory with SOAP 1.1 Protocol
15:10:01.039 [localhost-startStop-1] INFO  o.s.w.t.h.MessageDispatcherServlet - FrameworkServlet 'spring-ws': initialization completed in 485 ms
15:10:01.062 [localhost-startStop-1] INFO  o.s.web.servlet.DispatcherServlet - FrameworkServlet 'springDispatcherServlet': initialization started
15:10:01.063 [localhost-startStop-1] INFO  o.s.w.c.s.XmlWebApplicationContext - Refreshing WebApplicationContext for namespace 'springDispatcherServlet-servlet': startup date [Sat Nov 23 15:10:01 CST 2013]; parent: Root WebApplicationContext
15:10:01.063 [localhost-startStop-1] INFO  o.s.b.f.xml.XmlBeanDefinitionReader - Loading XML bean definitions from ServletContext resource [/WEB-INF/spring-mvc.xml]
15:10:01.210 [localhost-startStop-1] INFO  o.s.b.f.a.AutowiredAnnotationBeanPostProcessor - JSR-330 'javax.inject.Inject' annotation found and supported for autowiring
15:10:01.228 [localhost-startStop-1] INFO  o.s.b.f.s.DefaultListableBeanFactory - Pre-instantiating singletons in org.springframework.beans.factory.support.DefaultListableBeanFactory@18d5f0c: defining beans [indexController,organizationController,userController,carTypeController,dispatchCarFormController,doorController,innerCarController,innerPersonController,leaveController,notifyController,recordController,org.springframework.context.annotation.internalConfigurationAnnotationProcessor,org.springframework.context.annotation.internalAutowiredAnnotationProcessor,org.springframework.context.annotation.internalRequiredAnnotationProcessor,org.springframework.context.annotation.internalCommonAnnotationProcessor,org.springframework.context.annotation.internalPersistenceAnnotationProcessor,mvcContentNegotiationManager,org.springframework.web.servlet.mvc.method.annotation.RequestMappingHandlerMapping#0,org.springframework.format.support.FormattingConversionServiceFactoryBean#0,org.springframework.validation.beanvalidation.LocalValidatorFactoryBean#0,org.springframework.web.servlet.mvc.method.annotation.RequestMappingHandlerAdapter#0,org.springframework.web.servlet.handler.MappedInterceptor#0,org.springframework.web.servlet.mvc.method.annotation.ExceptionHandlerExceptionResolver#0,org.springframework.web.servlet.mvc.annotation.ResponseStatusExceptionResolver#0,org.springframework.web.servlet.mvc.support.DefaultHandlerExceptionResolver#0,org.springframework.web.servlet.handler.BeanNameUrlHandlerMapping,org.springframework.web.servlet.mvc.HttpRequestHandlerAdapter,org.springframework.web.servlet.mvc.SimpleControllerHandlerAdapter,org.springframework.web.servlet.resource.DefaultServletHttpRequestHandler#0,org.springframework.web.servlet.handler.SimpleUrlHandlerMapping#0,validator,messageSource,multipartResolver,org.springframework.web.servlet.view.InternalResourceViewResolver#0,exceptionResolver,org.springframework.context.annotation.ConfigurationClassPostProcessor.importAwareProcessor]; parent: org.springframework.beans.factory.support.DefaultListableBeanFactory@19a25d1
15:10:01.340 [localhost-startStop-1] INFO  o.s.w.s.m.m.a.RequestMappingHandlerMapping - Mapped "{[/login],methods=[POST],params=[],headers=[],consumes=[],produces=[],custom=[]}" onto public org.springframework.web.servlet.ModelAndView sylarlove.advance.controller.IndexController.login(sylarlove.advance.controller.LoginCommand,org.springframework.validation.Errors)
15:10:01.341 [localhost-startStop-1] INFO  o.s.w.s.m.m.a.RequestMappingHandlerMapping - Mapped "{[/login],methods=[GET],params=[],headers=[],consumes=[],produces=[],custom=[]}" onto public java.lang.String sylarlove.advance.controller.IndexController.login(sylarlove.advance.controller.LoginCommand)
15:10:01.341 [localhost-startStop-1] INFO  o.s.w.s.m.m.a.RequestMappingHandlerMapping - Mapped "{[/logout],methods=[],params=[],headers=[],consumes=[],produces=[],custom=[]}" onto public java.lang.String sylarlove.advance.controller.IndexController.logout()
15:10:01.341 [localhost-startStop-1] INFO  o.s.w.s.m.m.a.RequestMappingHandlerMapping - Mapped "{[/unauthorized],methods=[],params=[],headers=[],consumes=[],produces=[],custom=[]}" onto public java.lang.String sylarlove.advance.controller.IndexController.unauthorized()
15:10:01.341 [localhost-startStop-1] INFO  o.s.w.s.m.m.a.RequestMappingHandlerMapping - Mapped "{[/index || /],methods=[],params=[],headers=[],consumes=[],produces=[],custom=[]}" onto public java.lang.String sylarlove.advance.controller.IndexController.index()
15:10:01.342 [localhost-startStop-1] INFO  o.s.w.s.m.m.a.RequestMappingHandlerMapping - Mapped "{[/organization/getOrganization],methods=[],params=[],headers=[],consumes=[],produces=[],custom=[]}" onto public java.lang.String sylarlove.advance.controller.OrganizationController.getOrganization(java.lang.Long,org.springframework.ui.Model)
15:10:01.342 [localhost-startStop-1] INFO  o.s.w.s.m.m.a.RequestMappingHandlerMapping - Mapped "{[/organization/add],methods=[POST],params=[],headers=[],consumes=[],produces=[],custom=[]}" onto public java.util.Map<java.lang.String, java.lang.Object> sylarlove.advance.controller.OrganizationController.add(sylarlove.advance.model.main.Organization,org.springframework.validation.Errors)
15:10:01.343 [localhost-startStop-1] INFO  o.s.w.s.m.m.a.RequestMappingHandlerMapping - Mapped "{[/organization/delete],methods=[POST],params=[],headers=[],consumes=[],produces=[],custom=[]}" onto public java.util.Map<java.lang.String, java.lang.Object> sylarlove.advance.controller.OrganizationController.delete(java.lang.Long)
15:10:01.343 [localhost-startStop-1] INFO  o.s.w.s.m.m.a.RequestMappingHandlerMapping - Mapped "{[/organization/update],methods=[POST],params=[],headers=[],consumes=[],produces=[],custom=[]}" onto public java.util.Map<java.lang.String, java.lang.Object> sylarlove.advance.controller.OrganizationController.update(sylarlove.advance.model.main.Organization,org.springframework.validation.Errors)
15:10:01.343 [localhost-startStop-1] INFO  o.s.w.s.m.m.a.RequestMappingHandlerMapping - Mapped "{[/organization/getRoot],methods=[],params=[],headers=[],consumes=[],produces=[],custom=[]}" onto public sylarlove.advance.model.main.Organization sylarlove.advance.controller.OrganizationController.getRoot()
15:10:01.344 [localhost-startStop-1] INFO  o.s.w.s.m.m.a.RequestMappingHandlerMapping - Mapped "{[/user/add],methods=[POST],params=[],headers=[],consumes=[],produces=[],custom=[]}" onto public java.util.Map<java.lang.String, java.lang.Object> sylarlove.advance.controller.UserController.add(sylarlove.advance.model.main.User,org.springframework.validation.Errors)
15:10:01.344 [localhost-startStop-1] INFO  o.s.w.s.m.m.a.RequestMappingHandlerMapping - Mapped "{[/user/users || /user/ || /user],methods=[GET],params=[],headers=[],consumes=[],produces=[],custom=[]}" onto public java.lang.String sylarlove.advance.controller.UserController.list(org.springframework.ui.Model)
15:10:01.344 [localhost-startStop-1] INFO  o.s.w.s.m.m.a.RequestMappingHandlerMapping - Mapped "{[/user/delete],methods=[POST],params=[],headers=[],consumes=[],produces=[],custom=[]}" onto public java.util.Map<java.lang.String, java.lang.Object> sylarlove.advance.controller.UserController.delete(sylarlove.advance.model.main.User)
15:10:01.345 [localhost-startStop-1] INFO  o.s.w.s.m.m.a.RequestMappingHandlerMapping - Mapped "{[/user/update],methods=[POST],params=[],headers=[],consumes=[],produces=[],custom=[]}" onto public java.util.Map<java.lang.String, java.lang.Object> sylarlove.advance.controller.UserController.update(sylarlove.advance.model.main.User,org.springframework.validation.Errors)
15:10:01.345 [localhost-startStop-1] INFO  o.s.w.s.m.m.a.RequestMappingHandlerMapping - Mapped "{[/carType/add],methods=[POST],params=[],headers=[],consumes=[],produces=[],custom=[]}" onto public java.util.Map<java.lang.String, java.lang.Object> cn.huijin.vms.controller.CarTypeController.add(cn.huijin.vms.model.CarType,org.springframework.validation.Errors)
15:10:01.346 [localhost-startStop-1] INFO  o.s.w.s.m.m.a.RequestMappingHandlerMapping - Mapped "{[/carType/carTypes || /carType/ || /carType],methods=[GET],params=[],headers=[],consumes=[],produces=[],custom=[]}" onto public java.lang.String cn.huijin.vms.controller.CarTypeController.list(org.springframework.ui.Model)
15:10:01.346 [localhost-startStop-1] INFO  o.s.w.s.m.m.a.RequestMappingHandlerMapping - Mapped "{[/carType/delete],methods=[POST],params=[],headers=[],consumes=[],produces=[],custom=[]}" onto public java.util.Map<java.lang.String, java.lang.Object> cn.huijin.vms.controller.CarTypeController.delete(cn.huijin.vms.model.CarType)
15:10:01.346 [localhost-startStop-1] INFO  o.s.w.s.m.m.a.RequestMappingHandlerMapping - Mapped "{[/carType/update],methods=[POST],params=[],headers=[],consumes=[],produces=[],custom=[]}" onto public java.util.Map<java.lang.String, java.lang.Object> cn.huijin.vms.controller.CarTypeController.update(cn.huijin.vms.model.CarType,org.springframework.validation.Errors)
15:10:01.347 [localhost-startStop-1] INFO  o.s.w.s.m.m.a.RequestMappingHandlerMapping - Mapped "{[/dispatchCarForm/add],methods=[POST],params=[],headers=[],consumes=[],produces=[],custom=[]}" onto public java.util.Map<java.lang.String, java.lang.Object> cn.huijin.vms.controller.DispatchCarFormController.add(cn.huijin.vms.model.DispatchCarForm,org.springframework.validation.Errors)
15:10:01.347 [localhost-startStop-1] INFO  o.s.w.s.m.m.a.RequestMappingHandlerMapping - Mapped "{[/dispatchCarForm/dispatchCarForms || /dispatchCarForm/ || /dispatchCarForm],methods=[GET],params=[],headers=[],consumes=[],produces=[],custom=[]}" onto public java.lang.String cn.huijin.vms.controller.DispatchCarFormController.list(org.springframework.ui.Model)
15:10:01.348 [localhost-startStop-1] INFO  o.s.w.s.m.m.a.RequestMappingHandlerMapping - Mapped "{[/door/getReaders],methods=[],params=[],headers=[],consumes=[],produces=[],custom=[]}" onto public java.lang.String cn.huijin.vms.controller.DoorController.getReader(java.lang.Long,org.springframework.ui.Model)
15:10:01.348 [localhost-startStop-1] INFO  o.s.w.s.m.m.a.RequestMappingHandlerMapping - Mapped "{[/door/getControllers],methods=[],params=[],headers=[],consumes=[],produces=[],custom=[]}" onto public java.lang.String cn.huijin.vms.controller.DoorController.getController(java.lang.Long,org.springframework.ui.Model)
15:10:01.348 [localhost-startStop-1] INFO  o.s.w.s.m.m.a.RequestMappingHandlerMapping - Mapped "{[/door/add],methods=[POST],params=[],headers=[],consumes=[],produces=[],custom=[]}" onto public java.util.Map<java.lang.String, java.lang.Object> cn.huijin.vms.controller.DoorController.add(cn.huijin.vms.model.Door,org.springframework.validation.Errors,org.springframework.ui.Model)
15:10:01.349 [localhost-startStop-1] INFO  o.s.w.s.m.m.a.RequestMappingHandlerMapping - Mapped "{[/door/doors || /door/ || /door],methods=[GET],params=[],headers=[],consumes=[],produces=[],custom=[]}" onto public java.lang.String cn.huijin.vms.controller.DoorController.list(org.springframework.ui.Model)
15:10:01.349 [localhost-startStop-1] INFO  o.s.w.s.m.m.a.RequestMappingHandlerMapping - Mapped "{[/door/delete],methods=[POST],params=[],headers=[],consumes=[],produces=[],custom=[]}" onto public java.util.Map<java.lang.String, java.lang.Object> cn.huijin.vms.controller.DoorController.delete(cn.huijin.vms.model.Door)
15:10:01.349 [localhost-startStop-1] INFO  o.s.w.s.m.m.a.RequestMappingHandlerMapping - Mapped "{[/door/update],methods=[POST],params=[],headers=[],consumes=[],produces=[],custom=[]}" onto public java.util.Map<java.lang.String, java.lang.Object> cn.huijin.vms.controller.DoorController.update(cn.huijin.vms.model.Door,org.springframework.validation.Errors,org.springframework.ui.Model)
15:10:01.350 [localhost-startStop-1] INFO  o.s.w.s.m.m.a.RequestMappingHandlerMapping - Mapped "{[/innerCar/add],methods=[POST],params=[],headers=[],consumes=[],produces=[],custom=[]}" onto public java.util.Map<java.lang.String, java.lang.Object> cn.huijin.vms.controller.InnerCarController.add(cn.huijin.vms.model.InnerCar,org.springframework.validation.Errors)
15:10:01.350 [localhost-startStop-1] INFO  o.s.w.s.m.m.a.RequestMappingHandlerMapping - Mapped "{[/innerCar/innerCars || /innerCar/ || /innerCar],methods=[GET],params=[],headers=[],consumes=[],produces=[],custom=[]}" onto public java.lang.String cn.huijin.vms.controller.InnerCarController.list(org.springframework.ui.Model)
15:10:01.351 [localhost-startStop-1] INFO  o.s.w.s.m.m.a.RequestMappingHandlerMapping - Mapped "{[/innerCar/delete],methods=[POST],params=[],headers=[],consumes=[],produces=[],custom=[]}" onto public java.util.Map<java.lang.String, java.lang.Object> cn.huijin.vms.controller.InnerCarController.delete(cn.huijin.vms.model.InnerCar)
15:10:01.351 [localhost-startStop-1] INFO  o.s.w.s.m.m.a.RequestMappingHandlerMapping - Mapped "{[/innerCar/update],methods=[POST],params=[],headers=[],consumes=[],produces=[],custom=[]}" onto public java.util.Map<java.lang.String, java.lang.Object> cn.huijin.vms.controller.InnerCarController.update(cn.huijin.vms.model.InnerCar,org.springframework.validation.Errors)
15:10:01.352 [localhost-startStop-1] INFO  o.s.w.s.m.m.a.RequestMappingHandlerMapping - Mapped "{[/innerPerson/changeStatus/{id}],methods=[GET],params=[],headers=[],consumes=[],produces=[],custom=[]}" onto public java.lang.String cn.huijin.vms.controller.InnerPersonController.changeStatus(java.lang.Long)
15:10:01.353 [localhost-startStop-1] INFO  o.s.w.s.m.m.a.RequestMappingHandlerMapping - Mapped "{[/innerPerson/add],methods=[POST],params=[],headers=[],consumes=[],produces=[],custom=[]}" onto public java.util.Map<java.lang.String, java.lang.Object> cn.huijin.vms.controller.InnerPersonController.add(cn.huijin.vms.model.InnerPerson,org.springframework.validation.Errors,java.lang.String)
15:10:01.353 [localhost-startStop-1] INFO  o.s.w.s.m.m.a.RequestMappingHandlerMapping - Mapped "{[/innerPerson/innerPersons || /innerPerson/ || /innerPerson],methods=[GET],params=[],headers=[],consumes=[],produces=[],custom=[]}" onto public java.lang.String cn.huijin.vms.controller.InnerPersonController.list(org.springframework.ui.Model)
15:10:01.353 [localhost-startStop-1] INFO  o.s.w.s.m.m.a.RequestMappingHandlerMapping - Mapped "{[/innerPerson/delete],methods=[POST],params=[],headers=[],consumes=[],produces=[],custom=[]}" onto public java.util.Map<java.lang.String, java.lang.Object> cn.huijin.vms.controller.InnerPersonController.delete(cn.huijin.vms.model.InnerPerson)
15:10:01.353 [localhost-startStop-1] INFO  o.s.w.s.m.m.a.RequestMappingHandlerMapping - Mapped "{[/innerPerson/update],methods=[POST],params=[],headers=[],consumes=[],produces=[],custom=[]}" onto public java.util.Map<java.lang.String, java.lang.Object> cn.huijin.vms.controller.InnerPersonController.update(cn.huijin.vms.model.InnerPerson,org.springframework.validation.Errors,java.lang.String)
15:10:01.354 [localhost-startStop-1] INFO  o.s.w.s.m.m.a.RequestMappingHandlerMapping - Mapped "{[/leave/changeAgree],methods=[POST],params=[],headers=[],consumes=[],produces=[],custom=[]}" onto public java.util.Map<java.lang.String, java.lang.Object> cn.huijin.vms.controller.LeaveController.changeAgree(java.lang.Long)
15:10:01.354 [localhost-startStop-1] INFO  o.s.w.s.m.m.a.RequestMappingHandlerMapping - Mapped "{[/leave/add],methods=[POST],params=[],headers=[],consumes=[],produces=[],custom=[]}" onto public java.util.Map<java.lang.String, java.lang.Object> cn.huijin.vms.controller.LeaveController.add(cn.huijin.vms.model.Leave,org.springframework.validation.Errors)
15:10:01.354 [localhost-startStop-1] INFO  o.s.w.s.m.m.a.RequestMappingHandlerMapping - Mapped "{[/leave/leaves || /leave/ || /leave],methods=[GET],params=[],headers=[],consumes=[],produces=[],custom=[]}" onto public java.lang.String cn.huijin.vms.controller.LeaveController.list(org.springframework.ui.Model)
15:10:01.355 [localhost-startStop-1] INFO  o.s.w.s.m.m.a.RequestMappingHandlerMapping - Mapped "{[/notify/add],methods=[POST],params=[],headers=[],consumes=[],produces=[],custom=[]}" onto public java.util.Map<java.lang.String, java.lang.Object> cn.huijin.vms.controller.NotifyController.add(cn.huijin.vms.model.Notify,org.springframework.validation.Errors)
15:10:01.355 [localhost-startStop-1] INFO  o.s.w.s.m.m.a.RequestMappingHandlerMapping - Mapped "{[/notify/notifys || /notify/ || /notify],methods=[GET],params=[],headers=[],consumes=[],produces=[],custom=[]}" onto public java.lang.String cn.huijin.vms.controller.NotifyController.list(org.springframework.ui.Model)
15:10:01.356 [localhost-startStop-1] INFO  o.s.w.s.m.m.a.RequestMappingHandlerMapping - Mapped "{[/notify/delete],methods=[POST],params=[],headers=[],consumes=[],produces=[],custom=[]}" onto public java.util.Map<java.lang.String, java.lang.Object> cn.huijin.vms.controller.NotifyController.delete(cn.huijin.vms.model.Notify)
15:10:01.356 [localhost-startStop-1] INFO  o.s.w.s.m.m.a.RequestMappingHandlerMapping - Mapped "{[/notify/update],methods=[POST],params=[],headers=[],consumes=[],produces=[],custom=[]}" onto public java.util.Map<java.lang.String, java.lang.Object> cn.huijin.vms.controller.NotifyController.update(cn.huijin.vms.model.Notify,org.springframework.validation.Errors)
15:10:01.356 [localhost-startStop-1] INFO  o.s.w.s.m.m.a.RequestMappingHandlerMapping - Mapped "{[/record/innerPersonRecords],methods=[GET],params=[],headers=[],consumes=[],produces=[],custom=[]}" onto public java.lang.String cn.huijin.vms.controller.RecordController.listInnerPersonRecords(org.springframework.ui.Model)
15:10:01.357 [localhost-startStop-1] INFO  o.s.w.s.m.m.a.RequestMappingHandlerMapping - Mapped "{[/record/innerCarRecords],methods=[GET],params=[],headers=[],consumes=[],produces=[],custom=[]}" onto public java.lang.String cn.huijin.vms.controller.RecordController.listInnerCarRecords(org.springframework.ui.Model)
15:10:01.363 [localhost-startStop-1] INFO  o.h.v.e.r.DefaultTraversableResolver - Instantiated an instance of org.hibernate.validator.engine.resolver.JPATraversableResolver.
15:10:01.928 [localhost-startStop-1] INFO  o.s.w.s.h.SimpleUrlHandlerMapping - Mapped URL path [/**] onto handler 'org.springframework.web.servlet.resource.DefaultServletHttpRequestHandler#0'
15:10:01.930 [localhost-startStop-1] INFO  o.h.v.e.r.DefaultTraversableResolver - Instantiated an instance of org.hibernate.validator.engine.resolver.JPATraversableResolver.
15:10:01.987 [localhost-startStop-1] INFO  o.s.web.servlet.DispatcherServlet - FrameworkServlet 'springDispatcherServlet': initialization completed in 925 ms
15:16:57.547 [http-bio-8090-exec-8] INFO  c.h.v.w.RecordServiceEndpoint - getControllerList...
15:17:55.099 [http-bio-8090-exec-8] INFO  c.h.v.w.RecordServiceEndpoint - controllerSn:122118323 readerNumber:1 cardNumber:222222
15:17:55.364 [http-bio-8090-exec-8] INFO  s.advance.moudle.sms.SmsService - 发送短信：to:15288843691 ,msg: 高峰 违规外出,记录编号：32768，系统已将该条记录标记为警告，可回复此编号取消警告，也可不回复。
15:17:55.364 [http-bio-8090-exec-8] INFO  s.advance.moudle.sms.SmsService - 短信服务没有启动。
15:19:01.744 [http-bio-8090-exec-6] INFO  c.h.v.w.RecordServiceEndpoint - controllerSn:122118323 readerNumber:1 cardNumber:111111
